a-big-triangle - OK
abs - OK
abs-svg-path - NOK
absolute - OK
7zip-min - NOK
a2hs.js - TIMEOUT
abbrev - TIMEOUT
3box - TIMEOUT
abstract-leveldown - TIMEOUT
accept-language-parser - OK
accurate-interval - OK
accepts - OK
accounting - OK
absolute-url - OK
acl - OK
accessibility - TIMEOUT
ackee-tracker - TIMEOUT
ace-diff - TIMEOUT
adal-angular - TIMEOUT
admin-check - OK
adm-zip - OK
activedirectory2 - TIMEOUT
adlib - OK
ag-channel - OK
aes-js - OK
agent-base - OK
add-zero - OK
ajv-bsontype - OK
ajv-async - TIMEOUT
ahoy.js - NOK
acorn - OK
ajv-pack - OK
alexa-voice-service - OK
ajv-merge-patch - OK
ale-url-parser - TIMEOUT
alex - TIMEOUT
algebra.js - OK
all-the-cities - OK
align-text - OK
almost-equal - OK
alpha-shape - OK
alks-node - OK
amplifier - OK
amazon-cognito-auth-js - TIMEOUT
amp - OK
amqp - OK
amp-message - OK
amplify-deferred - OK
amqp-rpc - OK
amqp-connection-manager - TIMEOUT
amplitude-js - TIMEOUT
amplify - OK
amqplib - OK
analytics-node - TIMEOUT
android-device-list - TIMEOUT
anchor-js - TIMEOUT
amcharts - OK
angular-bootstrap-lightbox - TIMEOUT
angular-block-ui - TIMEOUT
android-versions - OK
angular-bootstrap-calendar - TIMEOUT
angular-agility - TIMEOUT
angular-clipboard - OK
angular-cookie - TIMEOUT
angular-breadcrumb - OK
angular-desktop-notification - TIMEOUT
angular-deferred-bootstrap - TIMEOUT
angular-environment - OK
angular-dialog-service - OK
angular-file-upload - TIMEOUT
angular-feature-flags - TIMEOUT
angular-file-saver - TIMEOUT
angular-gettext - TIMEOUT
angular-google-analytics - TIMEOUT
angular-gridster - TIMEOUT
angular-http-auth - OK
angular-growl-v2 - TIMEOUT
angular-hotkeys - TIMEOUT
angular-jwt - TIMEOUT
angular-load - TIMEOUT
angular-loading-bar - TIMEOUT
angular-local-storage - TIMEOUT
angular-media-queries - OK
angular-localforage - TIMEOUT
angular-locker - TIMEOUT
angular-modal - OK
angular-notifications - NOK
angular-notify - OK
angular-oauth2 - TIMEOUT
angular-promise-tracker - OK
angular-signalr-hub - OK
angular-permission - TIMEOUT
angular-q-extras - TIMEOUT
angular-odata-resources - TIMEOUT
angular-scroll - TIMEOUT
angular-spinner - TIMEOUT
angular-storage - TIMEOUT
angular-toastr - TIMEOUT
angular-tooltips - TIMEOUT
angular-translate - TIMEOUT
angular-ui-bootstrap - TIMEOUT
angular-ui-scroll - TIMEOUT
angular-ui-sortable - TIMEOUT
angular-ui-tree - TIMEOUT
animation-frame - OK
angular-wizard - TIMEOUT
ansi - OK
angular-websocket - TIMEOUT
angularfire - TIMEOUT
angulartics - TIMEOUT
ansicolors - OK
annyang - TIMEOUT
animejs - OK
anime-quotes-api - OK
any-db - OK
ansi-escape-sequences - OK
apex.js - OK
any-db-transaction - TIMEOUT
antlr4-autosuggest - TIMEOUT
apigee-access - OK
aos - TIMEOUT
apicache - TIMEOUT
app-root-dir - OK
apimocker - TIMEOUT
apollo-upload-client - TIMEOUT
api-error-handler - OK
app-module-path - OK
append-query - OK
apidoc - TIMEOUT
appdmg - NOK
appcache-webpack-plugin - TIMEOUT
app-root-path - OK
architect - OK
angular-xeditable - TIMEOUT
aqb - TIMEOUT
arcgis-to-geojson-utils - TIMEOUT
archy - OK
arbiter - TIMEOUT
are-we-there-yet - TIMEOUT
args - TIMEOUT
archiver - OK
argon2-browser - NOK
ari-client - TIMEOUT
arr-diff - TIMEOUT
argparse - TIMEOUT
array-find-index - TIMEOUT
array-initial - OK
array-foreach - OK
arr-union - OK
array-unique - OK
arrayify-stream - OK
array-sort - OK
arrive - OK
array.from - TIMEOUT
array.prototype.flat - TIMEOUT
array.prototype.flatmap - TIMEOUT
ascii-cats - TIMEOUT
asana - TIMEOUT
ascii-art - TIMEOUT
artillery - TIMEOUT
asciichart - TIMEOUT
aspnet-identity-pw - NOK
asenv - TIMEOUT
asn1 - OK
assertsharp - OK
assert - TIMEOUT
asn1js - TIMEOUT
assert-plus - OK
assets-webpack-plugin - TIMEOUT
async-cache - TIMEOUT
async-iterable-stream - OK
async-csv - TIMEOUT
async-busboy - OK
async-redis - TIMEOUT
async-stream-emitter - OK
async-stream-generator - OK
async-lock - OK
async-retry - TIMEOUT
async-writer - OK
async-polling - OK
atmosphere.js - NOK
atlassian-crowd-client - TIMEOUT
async - TIMEOUT
atob-lite - TIMEOUT
athenajs - TIMEOUT
atom - TIMEOUT
atom-keymap - TIMEOUT
audiobuffer-to-wav - OK
audio-play - OK
audio-context - OK
audiosprite - OK
atpl - OK
auto-sni - TIMEOUT
auto-launch - OK
autokanji - OK
autocannon - TIMEOUT
autobahn - TIMEOUT
auth0-js - TIMEOUT
auth0 - TIMEOUT
autosuggest-highlight - TIMEOUT
avocat - TIMEOUT
av - NOK
await-timeout - TIMEOUT
awesomplete - TIMEOUT
aws-kcl - OK
aws-lambda-fastify - TIMEOUT
aws-param-store - TIMEOUT
aws4 - OK
axel - OK
aws-lambda - OK
axe-webdriverjs - TIMEOUT
b-spline - OK
axios-cancel - TIMEOUT
axios-curlirize - TIMEOUT
axios-token-interceptor - OK
babar - OK
b2a - TIMEOUT
b64-lite - TIMEOUT
axon - OK
babel-plugin-macros - TIMEOUT
b_ - OK
babylon-walk - TIMEOUT
backblaze-b2 - OK
backbone.layoutmanager - OK
backbone - TIMEOUT
backbone.localstorage - OK
backbone.radio - OK
backlog-js - OK
backgrid - OK
backoff - OK
backo2 - OK
barbellweights - OK
bad-words - TIMEOUT
barcode - OK
bagpipes - OK
balanced-match - OK
bardjs - TIMEOUT
base-64 - OK
base16 - TIMEOUT
base64id - OK
base64topdf - OK
base64-js - TIMEOUT
backbone.paginator - OK
bases - OK
base64-async - TIMEOUT
base64-url - TIMEOUT
base64-stream - OK
basic-auth - OK
bayes-classifier - OK
basicauth-middleware - OK
battery-level - TIMEOUT
bash-glob - OK
basiclightbox - TIMEOUT
basicscroll - TIMEOUT
batch-stream - OK
bcryptjs - NOK
beats - OK
bcrypt - OK
bdfjs - TIMEOUT
bchaddrjs - TIMEOUT
beanstalkd - TIMEOUT
beanstalkd-worker - TIMEOUT
bemmer - TIMEOUT
bent - TIMEOUT
bencode - OK
benchmark - TIMEOUT
bearcat-es6 - TIMEOUT
better-bem - TIMEOUT
better-queue - OK
better-curry - OK
bidirectional-map - OK
bigint - NOK
bigi - OK
better-sqlite3 - TIMEOUT
bezier-js - OK
big.js - OK
bignum - TIMEOUT
bind-ponyfill - OK
bindings - OK
bigscreen - TIMEOUT
binary-file - TIMEOUT
binary-split - TIMEOUT
bit-array - OK
bit-twiddle - OK
bip21 - TIMEOUT
bip38 - TIMEOUT
bintrees - OK
better-scroll - TIMEOUT
bitauth - TIMEOUT
bitwise-xor - OK
blazy - OK
bittorrent-protocol - TIMEOUT
bl - TIMEOUT
blacklist - TIMEOUT
blake2 - TIMEOUT
blob-stream - OK
blip-sdk - TIMEOUT
blissfuljs - TIMEOUT
blob-to-buffer - TIMEOUT
bleno - OK
bloem - OK
blocked - OK
bluebird-global - OK
blue-tape - OK
bmp-js - OK
blocked-at - OK
bloom-filter - OK
bluebird-retry - TIMEOUT
body - OK
blueimp-load-image - OK
body-parser-xml - OK
bogon - OK
boolbase - OK
blueimp-md5 - OK
body-parser - OK
bonjour - TIMEOUT
boolify-string - TIMEOUT
boom - TIMEOUT
bootpag - OK
bootstrap-filestyle - OK
bookshelf - TIMEOUT
bootstrap-3-typeahead - OK
bootstrap-colorpicker - TIMEOUT
bootstrap-maxlength - TIMEOUT
bootstrap-fileinput - OK
bootstrap-menu - OK
bootstrap-toggle - OK
bootstrap-slider - TIMEOUT
bootstrap-touchspin - OK
bootstrap-notify - OK
bootstrap - TIMEOUT
bootstrap3-dialog - TIMEOUT
bootstrap-validator - TIMEOUT
box-intersect - OK
bootstrap4-toggle - OK
brace-expansion - OK
bounds.js - TIMEOUT
bootstrap-treeview - TIMEOUT
breeze - OK
bpmn-moddle - TIMEOUT
bresenham - OK
branca - OK
braces - OK
braintree-web-drop-in - TIMEOUT
braintree - OK
bricks.js - TIMEOUT
bristol - OK
bro-fs - TIMEOUT
brorand - OK
brotli-webpack-plugin - TIMEOUT
braintree-web - TIMEOUT
broken-link-checker - OK
browser-extname - TIMEOUT
brotli - NOK
browser-bunyan - TIMEOUT
browser-lang - TIMEOUT
browser-or-node - TIMEOUT
browser-report - TIMEOUT
browser-pack - TIMEOUT
browser-sync-webpack-plugin - TIMEOUT
browser-resolve - OK
browserslist-useragent - TIMEOUT
bs58 - TIMEOUT
bs58check - TIMEOUT
btoa-lite - TIMEOUT
buffer-builder - OK
buffer-compare - OK
bson - TIMEOUT
buffer-crc32 - OK
buffer-equal - OK
buffer-split - OK
buffer-from - OK
bucks - OK
buffers - OK
buffer-to-stream - OK
bufferhelper - OK
buffer-json - OK
buffer-xor - OK
bufferstream - TIMEOUT
build-output-script - TIMEOUT
bunyan-blackhole - OK
bull - TIMEOUT
bump-regex - OK
bunnymq - OK
bunyan-logentries - OK
bunyan - TIMEOUT
bunyan-format - OK
bunyan-winston-adapter - OK
bunyan-config - OK
bull-arena - TIMEOUT
bunyan-prettystream - OK
busboy - OK
byline - OK
business-rules-engine - TIMEOUT
byte-range - TIMEOUT
bytewise - OK
bytes - TIMEOUT
c-struct - OK
cache-manager-fs-hash - OK
cache-manager - TIMEOUT
cacache - TIMEOUT
cabarc - OK
cache-manager-ioredis - TIMEOUT
cache-manager-redis-store - TIMEOUT
cacheable-request - TIMEOUT
calendar - OK
calc-percent - OK
cached - OK
caller - OK
cached-path-relative - TIMEOUT
camelcase-css - OK
camelcase-keys-deep - OK
call-bind - TIMEOUT
camo - OK
camouflage-rewrite - TIMEOUT
cancan - TIMEOUT
caniuse-api - OK
capitalize - OK
bwip-js - OK
canvas-confetti - TIMEOUT
canvas-txt - TIMEOUT
canvas-fit - OK
capture-console - OK
caseless - OK
cassandra-store - OK
car-names - TIMEOUT
caniuse-lite - TIMEOUT
cashaddrjs - TIMEOUT
centra - OK
cassanknex - OK
cfn-response - OK
center-align - OK
cfn-response-promise - OK
cfenv - OK
ccap - OK
catbox - OK
chai-almost - OK
ccapture.js - OK
chai - TIMEOUT
chai-fuzzy - OK
chai-arrays - OK
chai-datetime - OK
chai-html - TIMEOUT
chai-dom - OK
chai-jquery - OK
chai-fs - OK
chai-json-schema - OK
chai-oequal - TIMEOUT
chai-like - OK
chai-roughly - OK
chai-quantifiers - TIMEOUT
chai-string - OK
chai-spies - OK
chai-snapshot-matcher - OK
chai-style - TIMEOUT
chai-subset - TIMEOUT
chai-uuid - OK
chai-things - OK
chalk-pipe - TIMEOUT
chalk-animation - TIMEOUT
chai-xml - OK
change-case-object - TIMEOUT
change-emitter - TIMEOUT
charm - OK
changelog-filename-regex - TIMEOUT
chardet - TIMEOUT
changelog-parser - TIMEOUT
charset-detector - OK
chance - TIMEOUT
charset - TIMEOUT
chartjs-plugin-annotation - TIMEOUT
chartjs-plugin-colorschemes - TIMEOUT
chartist - TIMEOUT
chartjs-plugin-crosshair - TIMEOUT
check-error - TIMEOUT
chartmogul-node - TIMEOUT
check-sum - OK
checksum - OK
cheet.js - TIMEOUT
chart.js - TIMEOUT
checkstyle-formatter - OK
cheerio - OK
chess.js - TIMEOUT
chessboardjs - OK
child-process-promise - TIMEOUT
chordsheetjs - TIMEOUT
chloride - OK
chrome - OK
chunk - OK
chromedriver - OK
chmodr - OK
chownr - OK
chunk-text - TIMEOUT
cjson - OK
clamp - OK
clamav.js - OK
clamp-js - OK
cipher-base - OK
clamp-js-main - OK
circle-to-polygon - OK
circular-dependency-plugin - TIMEOUT
chroma-js - TIMEOUT
clear - OK
classify-poetry - OK
clean-git-ref - TIMEOUT
clean-regexp - TIMEOUT
cli-box - OK
cli - OK
cli-spinner - OK
clean-css - TIMEOUT
cleasby-vigfusson-dictionary - TIMEOUT
cli-color - OK
cli-progress - TIMEOUT
cli-spinners - TIMEOUT
cli-table - NOK
cliff - OK
cli-table2 - TIMEOUT
client-sessions - OK
clientjs - TIMEOUT
clone - TIMEOUT
clone-deep - OK
closure-compiler - OK
clndr - OK
clockpicker - TIMEOUT
cloneable-readable - OK
cloud-env - TIMEOUT
cluster-hub - OK
cloudflare - TIMEOUT
clusterize.js - OK
clownface - TIMEOUT
cmd-shim - OK
cls-hooked - TIMEOUT
ckeditor4 - OK
clui - OK
clusterize.js-paging - OK
co-body - OK
co-views - OK
co - OK
codependency - OK
codecs - OK
code - OK
codeflask - NOK
coingecko-api - OK
coffeeify - OK
coinbase-commerce-node - OK
coinbase - OK
coinlist - TIMEOUT
coinstring - TIMEOUT
color - OK
collectionsjs - TIMEOUT
color-check - TIMEOUT
collections - TIMEOUT
color-hash - OK
color-name - OK
color-rgba - OK
color-convert - TIMEOUT
color-string - OK
color-support - OK
colorbrewer - OK
color-diff - OK
com.darktalker.cordova.screenshot - OK
color-thief-node - OK
color-namer - OK
colornames - OK
combinations - OK
combined-stream - OK
combine-source-map - OK
columnify - OK
combine-reducers - TIMEOUT
combokeys - TIMEOUT
command-exists - OK
command-line-args - OK
command-line-commands - OK
command-shell-lib - OK
command-line-usage - OK
common-prefix - OK
common-ancestor-path - OK
commondir - OK
compare-function - OK
commander-remaining-args - OK
common-errors - OK
commonmark - OK
compare-func - OK
compass-vertical-rhythm - OK
complex - OK
component-emitter - OK
complex.js - OK
commonmark-react-renderer - OK
compressible - OK
compute-argmax - OK
compute-gcd - OK
compression - OK
compute-quantile - OK
concat-map - OK
compute-stdev - OK
compression-webpack-plugin - TIMEOUT
concat-stream - OK
concaveman - TIMEOUT
conditional - TIMEOUT
concurrently - TIMEOUT
confidence - OK
configstore - TIMEOUT
config - OK
configs-overload - OK
connect-busboy - OK
connect-datadog - OK
connect-ensure-login - OK
connect-flash - OK
connect - OK
confit - OK
connect-history-api-fallback - TIMEOUT
connect-azuretables - OK
connect-slashes - OK
connect-livereload - OK
connect-pg-simple - TIMEOUT
connect-mongodb-session - OK
connect-redis - TIMEOUT
connect-trim-body - OK
connect-sequence - TIMEOUT
connect-timeout - OK
console-log-level - OK
console-ui - OK
consolidate - TIMEOUT
consumable-stream - OK
consul - OK
contained-periodic-values - TIMEOUT
content-range - OK
content-disposition - OK
contains-path - OK
contentful-resolve-response - OK
content-type - OK
continuation-local-storage - OK
contextjs - TIMEOUT
contract-proxy-kit - TIMEOUT
conventional-changelog-config-spec - OK
conventional-commits-detector - TIMEOUT
convert-excel-to-json - OK
convert-layout - TIMEOUT
convert-source-map - TIMEOUT
cookie - TIMEOUT
convert-units - OK
cookie-session - TIMEOUT
cookie-signature - OK
copy-paste - OK
cookie-parser - OK
cookiejar - OK
cookies - OK
cordova-plugin-app-version - OK
cordova-plugin-background-mode - OK
copyfiles - OK
copy - OK
cordova-plugin-badge - OK
cordova-plugin-bluetoothclassic-serial - OK
cordova-plugin-device-name - OK
cordova-plugin-file-opener2 - OK
cordova-plugin-ble-central - OK
cordova-plugin-email-composer - OK
cordova-plugin-insomnia - OK
cordova-plugin-keyboard - OK
cookie_js - OK
cordova-plugin-ouralabs - OK
cordova-plugin-native-keyboard - OK
cordova-plugin-spinner - OK
cordova - TIMEOUT
cordova-plugin-websql - OK
cordova-universal-links-plugin - OK
cordovarduino - OK
copy-webpack-plugin - TIMEOUT
cordova-plugin-qrscanner - OK
cordova_app_version_plugin - OK
correlation-id - TIMEOUT
core-object - OK
cors - OK
cote - TIMEOUT
countdown - OK
country-data - OK
countries-and-timezones - OK
country-list - TIMEOUT
country-telephone-data - OK
counterpart - OK
couchbase - TIMEOUT
country-select-js - OK
country-list-js - TIMEOUT
coverup - TIMEOUT
cpx - TIMEOUT
create-error - OK
cradle - OK
cqrs-domain - TIMEOUT
crc - OK
create-hash - OK
crawler - TIMEOUT
create-html - TIMEOUT
create-torrent - TIMEOUT
create-hmac - OK
create-xpub - TIMEOUT
credential - TIMEOUT
creditcardutils - OK
creditkey-js - TIMEOUT
critters-webpack-plugin - TIMEOUT
croppie - OK
cron - OK
cron-converter - TIMEOUT
cross-platform-terminal-characters - TIMEOUT
cross-storage - TIMEOUT
core-js - TIMEOUT
crpc - OK
cross-spawn - TIMEOUT
crossfilter - OK
crossroads - OK
cryptex - TIMEOUT
cryptojs - OK
cryptr - OK
crumb - OK
cryptiles - OK
cson - OK
csprng - OK
crypto-js - OK
css-generator - OK
csp-html-webpack-plugin - TIMEOUT
css-global-variables - OK
createjs - TIMEOUT
css-declaration-sorter - OK
css - OK
css-mediaquery - OK
css-selector-tokenizer - TIMEOUT
css-modules-loader-core - TIMEOUT
css-to-react-native - TIMEOUT
cssbeautify - OK
css-minimizer-webpack-plugin - TIMEOUT
css-to-style - TIMEOUT
cssesc - TIMEOUT
cssstyle - TIMEOUT
csv2json - TIMEOUT
csurf - TIMEOUT
csvrow - TIMEOUT
currency-formatter - OK
csso - TIMEOUT
current-git-branch - TIMEOUT
cuint - OK
cuss - TIMEOUT
cwise-compiler - OK
cwd - OK
customize-cra - TIMEOUT
cwise-parser - OK
custom-error-generator - OK
d20 - OK
cwise - OK
cypress-dotenv - TIMEOUT
d3-box - OK
cypress-cucumber-preprocessor - TIMEOUT
d3-axis - OK
d3-brush - OK
d3-chord - OK
d - OK
d3-array - OK
d3-cloud - OK
d3-collection - OK
d3-contour - OK
d3-delaunay - OK
d3-dispatch - OK
d3-drag - OK
d3-fetch - OK
d3-dsv - OK
d3-ease - OK
d3-force - OK
d3-hexbin - NOK
d3-geo - OK
d3-graphviz - TIMEOUT
d3-format - OK
d3-hsv - OK
d3-hierarchy - OK
d3-interpolate - OK
d3-interpolate-path - NOK
d3-path - OK
d3-queue - OK
d3-polygon - OK
d3-quadtree - OK
d3-request - TIMEOUT
d3-random - OK
d3-require - OK
d3-sankey - OK
d3-scale - OK
d3-selection-multi - OK
d3-scale-chromatic - OK
d3-selection - OK
d3-shape - OK
d3-simple-slider - TIMEOUT
d3-timer - OK
d3-tip - OK
d3-transition - TIMEOUT
d3-voronoi - TIMEOUT
d3-zoom - OK
damerau-levenshtein - OK
d3kit - TIMEOUT
dagre-layout - TIMEOUT
dagre - TIMEOUT
dashdash - TIMEOUT
cytoscape - TIMEOUT
dashify - OK
data-api-client - TIMEOUT
data-urls - TIMEOUT
data-driven - OK
datadog-metrics - TIMEOUT
dagre-d3 - TIMEOUT
dat.gui - TIMEOUT
datatables.net-autofill - OK
datadog-statsd-metrics-collector - TIMEOUT
datatables.net-colreorder - OK
datatables.net - OK
datatables.net-buttons - OK
datatables.net-fixedcolumns - OK
datadog-winston - TIMEOUT
datadog-tracer - TIMEOUT
datatables.net-keytable - OK
datatables.net-fixedheader - OK
datatables.net-rowgroup - OK
datatables.net-rowreorder - OK
datatables.net-scroller - OK
datatables.net-select - OK
date-arithmetic - OK
date-utils - OK
date-now - NOK
dateformat - OK
dayjs-precise-range - OK
date-fp - TIMEOUT
date-and-time - NOK
daterangepicker - OK
db-migrate-pg - OK
deasync - NOK
death - OK
dav - NOK
debessmann - OK
db.js - TIMEOUT
dbus - TIMEOUT
db-migrate-base - OK
debounce - OK
decode-entities - OK
debounce-promise - TIMEOUT
debug - TIMEOUT
decay - NOK
decode-uri-component - TIMEOUT
decomment - OK
dc - TIMEOUT
decompress - TIMEOUT
deep-equal - OK
decorum - TIMEOUT
dedent - TIMEOUT
deep-assign - TIMEOUT
deep-diff - TIMEOUT
deep-extend - OK
deep-freeze - OK
deep-equal-in-any-order - TIMEOUT
deep-freeze-strict - OK
defer-promise - OK
default-user-agent - TIMEOUT
defined - OK
defaults-deep - TIMEOUT
deindent - OK
define-properties - TIMEOUT
defaults - OK
deglob - TIMEOUT
deluge - OK
delaunator - TIMEOUT
dependency-solver - OK
delete-empty - OK
deprecate - OK
depd - OK
denodeify - OK
destroy - OK
deta - OK
delta-e - OK
detect-node - OK
detect-emoji-support - OK
destroy-on-hwm - OK
deps-sort - OK
detect-hover - TIMEOUT
detect-libc - TIMEOUT
detect-pointer - TIMEOUT
detect-touch-events - TIMEOUT
detect-port - TIMEOUT
detective - TIMEOUT
detect-character-encoding - TIMEOUT
diacritics - OK
dexie-batch - TIMEOUT
di - OK
device-uuid - TIMEOUT
dicer - OK
didyoumean - OK
diff-match-patch - OK
diffie-hellman - OK
dialogflow-fulfillment - TIMEOUT
diff - TIMEOUT
di-lite - OK
dir-glob - TIMEOUT
digibyte - TIMEOUT
dir-walker-gen - OK
difflib - OK
dingtalk-robot-sender - OK
dir-resolve - TIMEOUT
director - OK
discord-rich-presence - OK
discontinuous-range - OK
dirname-regex - OK
dkim-signer - TIMEOUT
dirty-chai - OK
dlv - NOK
distributions-poisson-quantile - OK
distributions - OK
docker-events - OK
djv - TIMEOUT
docdown - OK
docopt - OK
dns-packet - OK
docker-modem - OK
dockerode - OK
doctrine - TIMEOUT
document-ready - TIMEOUT
documentdb-session - OK
dom-parser - NOK
doge-seed - TIMEOUT
dom-matches - TIMEOUT
dogapi - OK
domo - OK
domhandler - OK
dom4 - OK
domexception - OK
docusign-esign - OK
dojo - OK
domready - OK
dompurify - TIMEOUT
domurl - TIMEOUT
domutils - OK
dot - OK
dookie - OK
donna - OK
dot-prop-immutable - TIMEOUT
dot-object - TIMEOUT
dotenv-load - OK
dotenv-defaults - TIMEOUT
dotdir-regex - OK
dotenv-parse-variables - TIMEOUT
dotenv-flow - OK
dottie - OK
dotenv-webpack - TIMEOUT
dotenv-safe - OK
dotfile-regex - OK
downloadjs - OK
doublearray - OK
download - TIMEOUT
downscale - TIMEOUT
dplayer - TIMEOUT
double-ended-queue - OK
dragscroll - OK
dragster - OK
drag-controls - OK
drag-timetable - TIMEOUT
draggabilly - OK
dragula - TIMEOUT
dragselect - TIMEOUT
drawflow - TIMEOUT
drift-zoom - TIMEOUT
driftless - TIMEOUT
drivelist - TIMEOUT
ds18b20 - TIMEOUT
drupal-attribute - TIMEOUT
dropzone - TIMEOUT
duckduckgo-images-api - OK
dts-bundle - TIMEOUT
dts-generator - NOK
dtype - OK
duplexer3 - OK
duplexer2 - OK
durandal - OK
duplexify - OK
duplicate-package-checker-webpack-plugin - TIMEOUT
dumb-passwords - OK
dush - TIMEOUT
datejs - TIMEOUT
dv - TIMEOUT
dynamic-time-warping - TIMEOUT
dynamodb - OK
dynamodb-lock-client - TIMEOUT
dynogels - TIMEOUT
earcut - TIMEOUT
easy-jsend - OK
easy-api-request - OK
eases - OK
each - OK
easy-session - OK
easy-rbac - OK
easy-table - OK
easy-xapi-utils - OK
ed25519 - NOK
edit-json-file - OK
ed2curve - OK
easy-soap-request - OK
eetase - OK
easy-xapi - OK
ee-first - OK
edmonds-blossom - OK
egg.js - TIMEOUT
ejson - OK
ejs-locals - OK
ejs - OK
electron-devtools-installer - TIMEOUT
electron-clipboard-extended - OK
electron-json-storage - TIMEOUT
electron-notifications - OK
elasticlunr - OK
electron-load-devtool - TIMEOUT
electron-localshortcut - TIMEOUT
elasticsearch - TIMEOUT
electron-progressbar - OK
electron-prompt - TIMEOUT
electron-notify - OK
element-closest - TIMEOUT
electron-spellchecker - TIMEOUT
element-size - OK
element-resize-event - TIMEOUT
element-resize-detector - TIMEOUT
elementtree - OK
ellipsize - OK
elgamal - TIMEOUT
email-check - OK
ember - OK
elementary-circuits-directed-graph - OK
elo-rank - OK
elv - TIMEOUT
email-templates - TIMEOUT
ember-feature-flags - TIMEOUT
elliptic - TIMEOUT
ember-modal-dialog - TIMEOUT
ember-qunit - NOK
ember-resolver - TIMEOUT
ember-test-helpers - TIMEOUT
emoji-strip - TIMEOUT
emissary - OK
emoji-js - TIMEOUT
empower - TIMEOUT
end-of-stream - OK
enamdict - NOK
empty-dir - TIMEOUT
encodeurl - TIMEOUT
encoding-down - TIMEOUT
encoding-japanese - OK
enquire.js - NOK
ent - OK
engine.io - TIMEOUT
engine.io-client - TIMEOUT
engine-check - OK
enhanced-resolve - TIMEOUT
enigma.js - TIMEOUT
env-ci - TIMEOUT
env-to-object - OK
envinfo - NOK
envify - OK
envhandlebars - OK
eonasdan-bootstrap-datetimepicker - NOK
epub - OK
epilogue - TIMEOUT
eq.js - TIMEOUT
error-subclass - NOK
es-feature-detection - OK
errorhandler - NOK
es-aggregate-error - NOK
eris-sharder - OK
es-to-primitive - NOK
es6-collections - NOK
escape-html - OK
es6-promisify - OK
es6-set-proptypes - NOK
es6-shim - NOK
es-abstract - NOK
escape-latex - OK
es6-weak-map - OK
escpos - NOK
eslint-plugin-prettier - NOK
eslint-plugin-markdown - NOK
eslint-visitor-keys - NOK
eslint-scope - NOK
esprima-walk - OK
esquery - OK
esrever - OK
esri-leaflet-geocoder - NOK
espruino - OK
estimate - OK
esri-leaflet - TIMEOUT
estree-jsx - OK
etag - NOK
estraverse - NOK
ethereumjs-abi - NOK
euclidean-distance - OK
eth-sig-util - OK
ethjs-signer - NOK
ethjs-util - NOK
eureka-js-client - TIMEOUT
event-emitter - OK
evaporate - TIMEOUT
event-emitter-es6 - TIMEOUT
event-hooks-webpack-plugin - TIMEOUT
event-stream - OK
event-kit - OK
event-loop-lag - OK
event-to-promise - OK
events - TIMEOUT
excel-style-dataformatter - TIMEOUT
exenv - OK
events.once - OK
evernote - TIMEOUT
eventsource - TIMEOUT
exif - OK
exit - TIMEOUT
exorcist - TIMEOUT
expired-storage - OK
exchange-rates-api - OK
eth-lightwallet - TIMEOUT
expirymanager - OK
expand-tilde - OK
expired - TIMEOUT
expo-mixpanel-analytics - TIMEOUT
express-actuator - TIMEOUT
expectations - OK
express-cluster - OK
express-brute-mongo - OK
express-boom - OK
express-busboy - TIMEOUT
express-correlation-id - TIMEOUT
express-brute - OK
express-bunyan-logger - OK
express-debug - OK
express-delay-header - TIMEOUT
express-enforces-ssl - OK
express-domain-middleware - OK
express-flash-notification - OK
express-flash-2 - OK
express-ejs-layouts - OK
express - OK
express-form-data - OK
express-fileupload - OK
express-flash - OK
express-jsonschema - OK
express-formidable - OK
express-handlebars - TIMEOUT
express-less - OK
express-http-proxy - OK
express-jwt - OK
express-list-endpoints - OK
express-locale - TIMEOUT
express-mung - OK
express-minify - TIMEOUT
express-pino-logger - TIMEOUT
express-partials - OK
express-processimage - TIMEOUT
express-prometheus-middleware - TIMEOUT
express-rate-limit - TIMEOUT
express-request-id - OK
express-route-fs - TIMEOUT
express-routemap - OK
express-redis-cache - OK
express-sanitized - OK
express-requests-logger - OK
express-simple-locale - TIMEOUT
express-routes-versioning - OK
express-sitemap-xml - TIMEOUT
express-socket.io-session - OK
express-session - TIMEOUT
express-slow-down - TIMEOUT
express-sslify - TIMEOUT
express-to-koa - TIMEOUT
express-unless - OK
express-ua-middleware - OK
express-status-monitor - TIMEOUT
express-useragent - TIMEOUT
express-version-request - TIMEOUT
express-ws-routes - OK
express-version-route - TIMEOUT
express-ws - OK
express-wechat-access - OK
extend - TIMEOUT
extjs - OK
extensible-duck - TIMEOUT
extenso - TIMEOUT
express-xml-bodyparser - OK
extsprintf - OK
facebook-js-sdk - OK
extra-watch-webpack-plugin - TIMEOUT
extract-domain - TIMEOUT
extract-files - TIMEOUT
extract-text-webpack-plugin - TIMEOUT
fail-on-errors-webpack-plugin - OK
ez-plus - TIMEOUT
f1 - TIMEOUT
facebook-locales - TIMEOUT
falcor-json-graph - OK
falafel - TIMEOUT
falcor-express - TIMEOUT
falcor-router - TIMEOUT
fast-chunk-string - TIMEOUT
falcor-http-datasource - OK
fancy-log - OK
fancybox - TIMEOUT
fast-fifo - TIMEOUT
famous - TIMEOUT
fast-levenshtein - NOK
fast-html-parser - OK
fast-isnumeric - TIMEOUT
fast-memory-cache - OK
fast-list - OK
fast-ratelimit - TIMEOUT
fast-stats - OK
fast-text-encoding - OK
fast-redact - TIMEOUT
fast9 - OK
fastclick - OK
falcor - TIMEOUT
fast64 - OK
favico.js - OK
fast-shuffle - TIMEOUT
fastbitset - OK
favicons - TIMEOUT
feather-route-matcher - TIMEOUT
feather-icons - TIMEOUT
fetch-headers - OK
feedparser - TIMEOUT
ffbinaries - TIMEOUT
featherlight - TIMEOUT
ffmpeg - OK
fetch-mock - TIMEOUT
ffi - NOK
ffmpeg-concat - TIMEOUT
fg-loadcss - TIMEOUT
ffprobe - OK
ffi-napi - TIMEOUT
file-entry-cache - TIMEOUT
fhir-kit-client - TIMEOUT
field - OK
file-fetch - TIMEOUT
file-loader - TIMEOUT
file-exists - OK
filesize-parser - OK
fhir - TIMEOUT
file-size - OK
figlet - TIMEOUT
finch - OK
fill-pdf - OK
find - OK
file-saver - OK
filter-css - TIMEOUT
finalhandler - TIMEOUT
find-cache-dir - TIMEOUT
find-exec - OK
find-down - TIMEOUT
find-config - TIMEOUT
find-parent-dir - OK
find-duplicated-property-keys - TIMEOUT
find-in-files - OK
find-package-json - OK
find-remove - TIMEOUT
find-replace - TIMEOUT
findandreplacedomtext - OK
find-unused-sass-variables - TIMEOUT
findup-sync - TIMEOUT
find-root - OK
fined - TIMEOUT
firebase-token-generator - TIMEOUT
firstline - TIMEOUT
firebase-client - OK
firmata - TIMEOUT
first-mate - TIMEOUT
fitbit-weather - TIMEOUT
flagged-respawn - OK
flake-idgen - OK
fitfont - TIMEOUT
fitvids - TIMEOUT
fleximap - OK
flatbuffers - OK
flat - TIMEOUT
float-regex - OK
flat-cache - TIMEOUT
flatbush - TIMEOUT
float-equal - TIMEOUT
floreal - OK
flipsnap - OK
flightplan - TIMEOUT
fnv-lite - OK
flot - OK
fold-to-ascii - OK
flush-write-stream - OK
fluent-ffmpeg - OK
focus-within - TIMEOUT
foreach - OK
folder-hash - TIMEOUT
forever-agent - OK
follow-redirects - TIMEOUT
fontfaceobserver - TIMEOUT
fluxxor - TIMEOUT
forest-express-mongoose - TIMEOUT
forest-express-sequelize - TIMEOUT
form-serialize - TIMEOUT
form-serializer - OK
format-io - OK
forever-monitor - OK
format-duration - OK
format-unicorn - OK
formidable - OK
format-link-header - OK
format-util - OK
forwarded - OK
fossil-delta - OK
forge-apis - OK
forms - OK
frappe-gantt - TIMEOUT
fpsmeter - OK
freeport - OK
foundation - NOK
freshy - OK
fresh - OK
freedom - TIMEOUT
frisby - TIMEOUT
from - OK
fs-cson - TIMEOUT
fs-capacitor - TIMEOUT
fs-ext - TIMEOUT
from2 - OK
fs-extra-promise-es6 - TIMEOUT
fs-readdir-recursive - OK
fs-plus - OK
fs-extra-promise - OK
fs-readfile-promise - OK
fscreen - TIMEOUT
fs-extra - TIMEOUT
ftp - OK
ft-poller - TIMEOUT
functional-red-black-tree - OK
function-bind - TIMEOUT
ftpd - OK
furigana-markdown-it - OK
ftps - OK
fullpage.js - TIMEOUT
fuzzyset.js - OK
fuzzaldrin - OK
fuzzy-search - TIMEOUT
fuzzaldrin-plus - TIMEOUT
gamepad - TIMEOUT
gapi - OK
gaze - TIMEOUT
gamedig - OK
gc-stats - TIMEOUT
gematriya - OK
gaussian - OK
generate-ctrl-c-event - NOK
geetest - OK
generate-changelog - TIMEOUT
generate-json-webpack-plugin - TIMEOUT
gently - OK
gbk.js - OK
generic-functions - OK
geolite2 - NOK
generic-pool - TIMEOUT
geobuf - TIMEOUT
geojson - TIMEOUT
geodesy - TIMEOUT
geopattern - NOK
geometric - TIMEOUT
geopoint - OK
get-func-name - TIMEOUT
get-image-colors - TIMEOUT
get-intrinsic - TIMEOUT
get-installed-path - TIMEOUT
get-pixels - TIMEOUT
get-res - TIMEOUT
get-node-dimensions - TIMEOUT
getenv - OK
gdal - TIMEOUT
get-ssl-certificate - TIMEOUT
get-sass-vars - TIMEOUT
getpass - TIMEOUT
getos - TIMEOUT
gfc - TIMEOUT
gettext-parser - TIMEOUT
gh-pages - TIMEOUT
ghauth - OK
gifffer - OK
gif-encoder - TIMEOUT
ghost-storage-base - OK
gifencoder - TIMEOUT
giphy-api - TIMEOUT
gifsicle - TIMEOUT
giraffe - TIMEOUT
git-add-remote - TIMEOUT
git-config-path - OK
git-branch-is - TIMEOUT
git-diff-parser - OK
git-rev - OK
git-config - OK
git-branch - OK
git-diff - TIMEOUT
git-rev-sync - OK
git-repo-name - OK
git-root-dir - TIMEOUT
git-url-parse - TIMEOUT
git-revision-webpack-plugin - TIMEOUT
gitconfiglocal - OK
git-user-email - OK
git-username - OK
github-slugger - TIMEOUT
git-user-name - OK
github-label-sync - TIMEOUT
github-username-regex - TIMEOUT
github-url-from-git - TIMEOUT
github-url-to-object - TIMEOUT
gitignore-parser - OK
gitana - OK
gl-shader - OK
gl-texture2d - OK
gl-fbo - OK
gl-vec4 - OK
gl - TIMEOUT
gl-vec2 - OK
glob-base - OK
gl-vec3 - OK
glidejs - TIMEOUT
glider-js - TIMEOUT
glob-to-regexp - OK
glob-expand - TIMEOUT
glob-stream - TIMEOUT
glob-watcher - TIMEOUT
global-modules - OK
glob-parent - OK
global-modules-path - TIMEOUT
global-npm - TIMEOUT
global-prefix - OK
globjoin - OK
global-paths - OK
globalthis - TIMEOUT
global-tunnel-ng - OK
globalyzer - OK
globrex - OK
globule - TIMEOUT
glue - TIMEOUT
good-storage - TIMEOUT
gm - OK
google-fonts - OK
google-ddns - OK
glur - OK
go - OK
google-apps-script - OK
google-polyline - OK
google-images - TIMEOUT
google-translate-api - TIMEOUT
got-resume - TIMEOUT
graceful-fs - TIMEOUT
google-maps - OK
google-spreadsheet - TIMEOUT
gradient-parser - TIMEOUT
graphite - OK
graphite-udp - OK
gradient-string - TIMEOUT
graham_scan - TIMEOUT
google-libphonenumber - TIMEOUT
graphql-bigint - TIMEOUT
graphql-depth-limit - TIMEOUT
graphql-api-koa - TIMEOUT
graphlib-dot - OK
graphql-date - OK
graphql-fields - TIMEOUT
graphql-errors - TIMEOUT
graphql-list-fields - TIMEOUT
graphql-react - TIMEOUT
graphql-type-json - TIMEOUT
graphql-type-uuid - TIMEOUT
graphviz - OK
graphql-resolve-batch - TIMEOUT
graphql-resolvers - TIMEOUT
gravatar - OK
gray-percentage - OK
graphql-upload - TIMEOUT
grecaptcha - OK
gravatar-favicons - TIMEOUT
graylog2 - OK
graygelf - TIMEOUT
greek-utils - OK
gregorian-calendar - TIMEOUT
group-array - TIMEOUT
grpc-error - TIMEOUT
gridfs-stream - OK
gtin - TIMEOUT
guid - OK
gtmetrix - TIMEOUT
gulp-angular-templatecache - TIMEOUT
gulp - TIMEOUT
gulp-autoprefixer - TIMEOUT
gulp-babel - TIMEOUT
gulp-cached - OK
gulp-change - OK
gulp-bump - OK
gulp-batch - OK
gulp-clean-dest - OK
gulp-cache - OK
gulp-changed - TIMEOUT
gulp-cheerio - TIMEOUT
gulp-codecov - TIMEOUT
gulp-clean-css - TIMEOUT
gulp-coffeeify - OK
gulp-coffeelint - TIMEOUT
gulp-concat - TIMEOUT
gulp-connect - TIMEOUT
gulp-dart-sass - TIMEOUT
gulp-copy - OK
gulp-csso - OK
gulp-diff - TIMEOUT
gulp-filter - TIMEOUT
gulp-flatten - TIMEOUT
gulp-debug - OK
gulp-gh-pages - TIMEOUT
gulp-header - TIMEOUT
gulp-gzip - TIMEOUT
gulp-html-prettify - OK
gulp-help - OK
gulp-html-replace - OK
gulp-help-doc - OK
gulp-htmlmin - TIMEOUT
gulp-image - TIMEOUT
gulp-imagemin - TIMEOUT
gulp-inject - TIMEOUT
gulp-if - OK
gulp-intercept - OK
gulp-install - OK
gulp-insert - OK
gulp-istanbul - TIMEOUT
gulp-jasmine - TIMEOUT
gulp-json-validator - TIMEOUT
gulp-jsonminify - OK
gulp-json-editor - TIMEOUT
gulp-jsonmin - TIMEOUT
gulp-jspm - TIMEOUT
gulp-minify - TIMEOUT
gulp-modernizr - TIMEOUT
gulp-load-plugins - TIMEOUT
gulp-less - OK
gulp-nodemon - OK
gulp-mustache - OK
gulp-msbuild - TIMEOUT
gulp-newer - TIMEOUT
gulp-ng-annotate - OK
gulp-nunit-runner - TIMEOUT
gulp-pug-linter - TIMEOUT
gulp-plumber - TIMEOUT
gulp-responsive-images - OK
gulp-postcss - TIMEOUT
gulp-rename - TIMEOUT
gulp-sequence - TIMEOUT
gulp-remember - OK
gulp-size - TIMEOUT
gulp-rev-replace - OK
gulp-sass-variables - TIMEOUT
gulp-sass - TIMEOUT
gulp-sort - OK
gulp-ruby-sass - TIMEOUT
gulp-rev - OK
gulp-strip-debug - OK
gulp-svg-sprite - OK
gulp-stylus - OK
gulp-stylint - TIMEOUT
gulp-svgmin - TIMEOUT
gulp-template - TIMEOUT
gulp-sourcemaps - TIMEOUT
gulp-task-listing - TIMEOUT
gulp-tsd - TIMEOUT
gulp-uglify - TIMEOUT
gulp-zip - TIMEOUT
gulp-watch - TIMEOUT
gunzip-maybe - TIMEOUT
gzip-js - OK
gulp-useref - TIMEOUT
gulp-util - TIMEOUT
gyronorm - TIMEOUT
h2o2 - TIMEOUT
handbrake-js - TIMEOUT
halfred - TIMEOUT
handlebars-webpack-plugin - TIMEOUT
handlebars-helpers - TIMEOUT
hapi-auth-basic - TIMEOUT
hapi-auth-bearer-token - TIMEOUT
hapi-auth-cookie - TIMEOUT
hapi-server-session - TIMEOUT
hapi-pino - TIMEOUT
has - OK
harmon - OK
hark - OK
harmony-proxy - OK
has-ansi - TIMEOUT
has-package-exports - TIMEOUT
has-package-self-reference - TIMEOUT
hash-file - TIMEOUT
hasbin - TIMEOUT
hafas-client - TIMEOUT
hash-stream - OK
hash-sum - OK
hashmap - OK
hashset - OK
hashtable - OK
hashring - OK
haversine - OK
hat - NOK
hawk - TIMEOUT
hdkey - TIMEOUT
headroom - OK
hbs - TIMEOUT
heapdump - NOK
heap - OK
hepburn - OK
headroom.js - TIMEOUT
heft-jest - TIMEOUT
hex-rgba - OK
hellosign-embedded - TIMEOUT
heroku-logger - TIMEOUT
hex-color-regex - OK
hex2dec - OK
hexo-bunyan - TIMEOUT
hexo-fs - TIMEOUT
hexo-log - TIMEOUT
hellosign-sdk - OK
hidefile - TIMEOUT
hexo-util - TIMEOUT
hh-mm-ss - TIMEOUT
hiredis - NOK
highcharts-ng - TIMEOUT
hijackresponse - TIMEOUT
historykana - TIMEOUT
hexo - TIMEOUT
hjson - TIMEOUT
hls-parser - TIMEOUT
hoek - TIMEOUT
history.js - TIMEOUT
hooker - OK
honeybadger - OK
highland - TIMEOUT
hostile - OK
html - OK
howler - OK
hogan.js - OK
hpp - TIMEOUT
host-validation - OK
html-encoding-sniffer - TIMEOUT
hopscotch - TIMEOUT
hoxy - TIMEOUT
html-parser - OK
html-escaper - OK
html-pdf - TIMEOUT
html-to-pdfmake - TIMEOUT
html-to-rtf - TIMEOUT
html-tableify - OK
html-replace-webpack-plugin - OK
html-to-text - TIMEOUT
html-truncate - TIMEOUT
html5-history - OK
html-validator - TIMEOUT
htmlhint - NOK
html-webpack-template - TIMEOUT
htmlescape - OK
htmlparser2 - NOK
html-minifier - TIMEOUT
html-webpack-plugin - TIMEOUT
html-minifier-terser - TIMEOUT
html5-to-pdf - TIMEOUT
http-assert - TIMEOUT
http-codes - OK
http-auth - TIMEOUT
http-aws-es - TIMEOUT
http-build-query - TIMEOUT
http-cache-semantics - OK
http-link-header - OK
http-context - OK
http-string-parser - NOK
http-rx - TIMEOUT
http-server - TIMEOUT
http-proxy - TIMEOUT
httperr - TIMEOUT
human-date - TIMEOUT
human-interval - TIMEOUT
human-to-cron - OK
human-number - TIMEOUT
humane-js - NOK
hubot - OK
human-object-diff - TIMEOUT
humanize-duration - TIMEOUT
humanize-ms - OK
httpsnippet - TIMEOUT
humps - OK
humanparser - OK
humanize-plus - TIMEOUT
hyper-aws4 - TIMEOUT
hummus-recipe - TIMEOUT
hyperscript - OK
hyphenate-style-name - TIMEOUT
i18next-ko - TIMEOUT
i18n-abide - OK
i18n - TIMEOUT
i18next-node-fs-backend - TIMEOUT
i18next-sprintf-postprocessor - TIMEOUT
i2c-bus - TIMEOUT
i18n-js - OK
iconv - NOK
icepick - TIMEOUT
icss-utils - TIMEOUT
identicon.js - OK
ical - OK
ibm-openapi-validator - TIMEOUT
iferr - OK
ifvisible - TIMEOUT
idle-js - TIMEOUT
igdb-api-node - TIMEOUT
ignore-styles - TIMEOUT
iframe-resizer - TIMEOUT
iban - OK
imagemagick - OK
iltorb - TIMEOUT
image-thumbnail - TIMEOUT
imagemagick-native - TIMEOUT
imagemin-gifsicle - TIMEOUT
image-to-base64 - OK
imagemin - TIMEOUT
imagemin-jpegtran - TIMEOUT
imagemin-mozjpeg - TIMEOUT
imagemin-optipng - TIMEOUT
imagemin-svgo - OK
imagemin-upng - TIMEOUT
imagemin-webp - TIMEOUT
imagemin-zopfli - TIMEOUT
imagesloaded - TIMEOUT
imap-simple - TIMEOUT
imsi-grok - OK
imap - OK
imul - OK
imagemapster - TIMEOUT
imurmurhash - OK
immediate - TIMEOUT
imperium - TIMEOUT
in-app-purchase - TIMEOUT
inflection - OK
inflation - OK
inflected - OK
inert - OK
inherits - TIMEOUT
iniparser - OK
infobox-parser - TIMEOUT
ini - OK
init-package-json - TIMEOUT
inline-critical - TIMEOUT
inline-css - TIMEOUT
inquirer-autocomplete-prompt - TIMEOUT
insert-css - TIMEOUT
inquirer-npm-name - TIMEOUT
insert-text-at-cursor - TIMEOUT
inspectlet-es - TIMEOUT
insight - TIMEOUT
interpret - OK
integrate-adaptive-simpson - TIMEOUT
intercept-stdout - OK
integer - TIMEOUT
intersect - OK
internal-slot - OK
intercom-client - TIMEOUT
intersperse - OK
intrinsic-scale - TIMEOUT
invariant - TIMEOUT
inversify-devtools - TIMEOUT
iobroker - TIMEOUT
ion-rangeslider - OK
intersects - TIMEOUT
ioredis - TIMEOUT
intro.js - TIMEOUT
ip - TIMEOUT
ipcheck - NOK
iri - OK
ip6addr - OK
ip-subnet-calculator - OK
irc - OK
iron - OK
is - TIMEOUT
is-absolute - OK
iota.lib.js - TIMEOUT
is-base64 - OK
is-arguments - OK
is-blank - TIMEOUT
is-buffer - TIMEOUT
is-callable - TIMEOUT
is-ci - TIMEOUT
is-charging - TIMEOUT
is-date-object - TIMEOUT
is-core-module - TIMEOUT
is-dom - TIMEOUT
is-empty - OK
is-dotdir - OK
is-empty-object - TIMEOUT
is-finite - OK
is-function - OK
is-even - OK
is-dotfile - OK
is-generator - OK
hull.js - TIMEOUT
is-git-url - OK
is-gif - TIMEOUT
is-integer - OK
is-generator-function - OK
is-glob - OK
is-gzip - TIMEOUT
is-hotkey - TIMEOUT
is-natural-number - TIMEOUT
is-negated-glob - OK
is-number - OK
is-odd - OK
is-object - OK
is-number-like - OK
is-progressive - TIMEOUT
is-relative - TIMEOUT
is-running - OK
is-regex - TIMEOUT
is-relative-path - TIMEOUT
is-typedarray - OK
is-secret - TIMEOUT
is-touch-device - TIMEOUT
is-utf8 - OK
is-ssh - TIMEOUT
is-uuid - OK
is-valid-domain - OK
is-url - OK
is-valid-zipcode - OK
is-unc-path - OK
is-valid-path - OK
isaac - OK
isarray - OK
is-valid-glob - OK
isbn-utils - OK
is-windows - OK
iso8601-localizer - OK
isomorphic-form-data - OK
isexe - TIMEOUT
isstream - OK
isomorphic-fetch - TIMEOUT
iso-3166-2 - TIMEOUT
issue-parser - TIMEOUT
isotope-layout - TIMEOUT
iterate-iterator - TIMEOUT
istanbul-middleware - TIMEOUT
iterate-value - TIMEOUT
itunesconnectanalytics - TIMEOUT
jalaali-js - OK
jackrabbit - OK
japanese-holidays - NOK
iv-viewer - TIMEOUT
jasmine-data-provider - OK
japanese-characters - TIMEOUT
jake - TIMEOUT
jasmine-es6-promise-matchers - TIMEOUT
jasmine-data_driven_tests - TIMEOUT
jasmine-fixture - TIMEOUT
jasmine-ajax - OK
jasmine-given - TIMEOUT
jasmine-promise-matchers - TIMEOUT
jasmine-jquery - TIMEOUT
jasmine_dom_matchers - TIMEOUT
jasminewd2 - TIMEOUT
jcanvas - OK
java - TIMEOUT
jenkins - TIMEOUT
javascript-time-ago - TIMEOUT
jest-axe - TIMEOUT
javascript-state-machine - OK
jest-matcher-one-of - TIMEOUT
jest-image-snapshot - OK
jest-json-schema - TIMEOUT
jest-preset-stylelint - OK
javascript-astar - TIMEOUT
jest-specific-snapshot - OK
jest-when - TIMEOUT
jexl - TIMEOUT
jira-client - TIMEOUT
jfs - OK
intl - TIMEOUT
jexcel - OK
jjv - OK
jjve - TIMEOUT
joi-phone-number - TIMEOUT
jju - OK
jmespath - TIMEOUT
joigoose - TIMEOUT
josa - TIMEOUT
jpegtran-bin - TIMEOUT
japan-postal-code - OK
jpeg-autorotate - TIMEOUT
jquery-countto - OK
jquery-ajax-chain - TIMEOUT
jquery-awesome-cursor - TIMEOUT
jqrangeslider - TIMEOUT
jquery-countdown - TIMEOUT
jquery-backstretch - TIMEOUT
jquery-deferred - OK
jquery-cropper - TIMEOUT
jquery-cropbox - OK
jquery-deparam - TIMEOUT
jquery-drawer - TIMEOUT
jquery-fullscreen - OK
jquery-focusable - TIMEOUT
jquery-gray - OK
jquery-knob - OK
jquery-focus-exit - TIMEOUT
jquery-formatdatetime - TIMEOUT
jquery-editable-select - OK
jquery-loading-overlay - TIMEOUT
jquery-maskmoney - TIMEOUT
jquery-mask-plugin - TIMEOUT
jquery-match-height - TIMEOUT
jquery-mouse-exit - TIMEOUT
jquery-migrate - TIMEOUT
jquery-slimscroll - OK
jquery-next-id - TIMEOUT
jquery-sticky - OK
jquery-toast-plugin - OK
jquery-sortable - OK
jquery-slugify - NOK
jquery-mousewheel - OK
jquery-tags-input - TIMEOUT
jquery.cookie - NOK
jquery.joyride - OK
jquery.growl - OK
jquery-validation-unobtrusive - TIMEOUT
jquery-typeahead - TIMEOUT
jquery.finger - TIMEOUT
jquery.payment - TIMEOUT
jquery.mmenu - TIMEOUT
jquery.scrollto - OK
jquery-mockjax - TIMEOUT
jquery.soap - OK
jquery.rateit - TIMEOUT
js-clipper - OK
js-captcha - NOK
jrf-pip - TIMEOUT
js-cookie - TIMEOUT
jqueryui - OK
js-git - OK
js-data-angular - TIMEOUT
js-levenshtein - TIMEOUT
js-fixtures - OK
js-gravatar - TIMEOUT
js-money - OK
js-priority-queue - TIMEOUT
js-roman-numerals - TIMEOUT
js-string-escape - OK
js-md5 - OK
js-to-java - TIMEOUT
js-url - NOK
jsbn - OK
jsan - OK
jschannel - OK
js-quantities - OK
jsdeferred - OK
js.spec - TIMEOUT
jscodeshift - TIMEOUT
js-yaml - TIMEOUT
jsdom-global - TIMEOUT
jsdom-screenshot - OK
jsdoc-to-markdown - OK
jsend - OK
jsesc - TIMEOUT
jsbarcode - OK
jsen - TIMEOUT
jsnox - OK
json-api-serializer - TIMEOUT
json-buffer - OK
json-bigint - OK
json-diff - OK
json-js - OK
json-file-plus - TIMEOUT
json-dup-key-validator - OK
json-logic-js - TIMEOUT
json-form-data - OK
json-patch - OK
json-merge-patch - TIMEOUT
json-rpc-random-id - OK
json-parse-helpfulerror - TIMEOUT
json-parse-better-errors - TIMEOUT
json-pointer - TIMEOUT
jsforce - TIMEOUT
json-query - TIMEOUT
json-schema - OK
json-schema-compare - TIMEOUT
json-rpc-ws - OK
json-stable-stringify - OK
json-stringify-safe - OK
json-schema-merge-allof - TIMEOUT
json-stringify-nice - TIMEOUT
json-socket - OK
json-templates - OK
json2mq - OK
json2md - OK
json-schema-faker - TIMEOUT
json2xml - TIMEOUT
json3 - OK
json2csv - TIMEOUT
jsonabc - TIMEOUT
json8-patch - TIMEOUT
jsonapi-serializer - OK
json_ml - NOK
jsonfile - OK
jsonlines - OK
jsonp - OK
jsonld - TIMEOUT
jsonpointer - TIMEOUT
jsonpack - OK
jsonpath - TIMEOUT
jsonquery - OK
jsontoxml - OK
jsonpath-plus - TIMEOUT
jsonrpc-serializer - TIMEOUT
jsonminify - TIMEOUT
jsonwebtoken - TIMEOUT
jsqrcode - OK
jsreport-client - TIMEOUT
jsqubits - TIMEOUT
jsonwebtoken-promisified - OK
jsreport-jsrender - OK
jspath - OK
jsonnet - OK
jsrp - OK
jsreport-core - OK
jsreport-handlebars - TIMEOUT
jsum - OK
jstimezonedetect - OK
jweixin - OK
jstoxml - TIMEOUT
jump.js - TIMEOUT
jsurl - OK
jwk-to-pem - OK
justified-layout - TIMEOUT
jws - OK
jwt-express - OK
jui-grid - OK
jwt-then - OK
jui-core - OK
jwt-client - TIMEOUT
jxon - OK
k-bucket - TIMEOUT
karma-chai - OK
kafka-node-avro - TIMEOUT
jwt-simple - OK
karma-chai-sinon - OK
karma-env-preprocessor - OK
karma-brief-reporter - TIMEOUT
karma-browserstack-launcher - TIMEOUT
karma-chrome-launcher - TIMEOUT
karma-coverage - TIMEOUT
karma-coverage-istanbul-reporter - TIMEOUT
karma-detect-browsers - TIMEOUT
karma-fixture - TIMEOUT
karma-ie-launcher - TIMEOUT
karma-firefox-launcher - TIMEOUT
karma-jasmine-html-reporter - OK
karma-html-detailed-reporter - OK
karma-jasmine - OK
karma-jsdom-launcher - OK
karma-json-to-file-reporter - OK
karma-junit-reporter - OK
karma-mocha - TIMEOUT
karma-jasmine-spec-tags - OK
karma-json-preprocessor - OK
karma-material-reporter - TIMEOUT
karma-sinon-chai - OK
karma-mocha-reporter - TIMEOUT
karma-notify-reporter - TIMEOUT
karma-spec-reporter - OK
karma-snapshot - OK
karma-nyan-reporter - OK
karma-parallel - NOK
karma-webpack - NOK
karma-remap-coverage - OK
kd-tree-javascript - OK
kcors - OK
karma-summary-reporter - OK
keygrip - OK
kdbush - OK
keymirror - OK
keymaster - OK
keysym - OK
keccak - TIMEOUT
kerberos - NOK
keyboardjs - OK
keen-tracking - TIMEOUT
keyv - TIMEOUT
klaw - OK
kind-of - OK
klaw-sync - OK
kms-json - OK
knex-cleaner - OK
kii-cloud-sdk - OK
kissfft-js - OK
knex-db-manager - OK
knockout-secure-binding - TIMEOUT
knockout-postbox - OK
knockstrap - OK
knockout-transformations - OK
koa - TIMEOUT
knockout-amd-helpers - OK
knockout.validation - NOK
koa-basic-auth - OK
koa-bunyan-logger - OK
ko.plus - OK
koa-bouncer - OK
koa-bodyparser - OK
koa-cache-control - OK
koa-cash - TIMEOUT
koa-cookie - OK
koa-compose - OK
koa-cors - OK
koa-compress - OK
koa-docs - NOK
koa-convert - OK
koa-csrf - TIMEOUT
koa-conditional-get - OK
koa-ejs - OK
koa-hbs - OK
koa-html-minifier - OK
koa-etag - OK
koa-generic-session - OK
koa-helmet - TIMEOUT
koa-joi-router - OK
koa-joi-router-docs - OK
koa-log - NOK
koa-log4 - NOK
koa-json-error - NOK
koa-json - OK
koa-logger-winston - OK
koa-morgan - OK
koa-mongo - OK
koa-logger - OK
koa-mount - OK
koa-multer - OK
koa-pino-logger - TIMEOUT
koa-qs - OK
koa-passport - OK
koa-range - OK
koa-proxy - OK
koa-ratelimit - OK
koa-redis - TIMEOUT
koa-ratelimit-lru - OK
koa-response-time - TIMEOUT
koa-redis-cache - OK
koa-route - OK
koa-send - TIMEOUT
koa-router - OK
koa-session-minimal - OK
koa-session - OK
koa-sslify - OK
koa-static - OK
koa-static-cache - OK
koa-subdomain - TIMEOUT
koa-webpack - OK
koa-websocket - TIMEOUT
konami-code-js - OK
koa-xml-body - OK
koa2-session-redis - OK
konami.js - OK
koa2-ratelimit - OK
koji-tools - TIMEOUT
kompression - OK
kraken-js - OK
knockback - TIMEOUT
kube-probe - TIMEOUT
kramed - NOK
kue-ui-client - TIMEOUT
kurento-client - TIMEOUT
kue - OK
kyujitai - OK
labeled-stream-splicer - OK
lambda-log - TIMEOUT
kss - OK
langmap - OK
lambda-tester - OK
lambda-wrapper - OK
laravel-vapor - OK
langs - OK
latinize - OK
lang.js - OK
language-tags - OK
last-element - OK
lazy-property - OK
launchpad - OK
latlon-geohash - OK
layzr.js - OK
lcm - OK
lazypipe - OK
leaflet-curve - OK
lazy-brush - OK
leaflet-gpx - OK
leaflet-fullscreen - OK
ldap-filters - OK
ldapjs - OK
leaflet-deepzoom - OK
leaflet-geocoder-mapzen - TIMEOUT
lazy.js - OK
leaflet-mouse-position - OK
leaflet-loading - OK
layui-src - TIMEOUT
leaflet-editable - OK
leaflet-rotatedmarker - OK
leaflet-groupedlayercontrol - OK
leaflet.awesome-markers - OK
leaflet.featuregroup.subgroup - NOK
leaflet-textpath - OK
leaflet-polylinedecorator - OK
leaflet.icon.glyph - OK
leaflet-providers - OK
leaflet.heat - OK
leaflet-freehandshapes - TIMEOUT
leaflet.fullscreen - OK
leaflet-routing-machine - TIMEOUT
leaflet.markercluster.layersupport - NOK
leaflet.pancontrol - OK
leaflet.polylinemeasure - OK
leaflet.locatecontrol - OK
leaflet.utm - OK
lerna-alias - OK
legal-eagle - OK
leakage - OK
lerna-get-packages - TIMEOUT
less2sass - OK
level - TIMEOUT
level-js - TIMEOUT
less-middleware - OK
lexicographic-integer - OK
level-codec - OK
level-ttl - OK
level-sublevel - OK
lgtv2 - TIMEOUT
libpq - NOK
libnpmsearch - TIMEOUT
levelup - TIMEOUT
leveldown - TIMEOUT
leaflet.markercluster - TIMEOUT
libxslt - TIMEOUT
license-checker - TIMEOUT
libxmljs - TIMEOUT
lightpick - OK
liftoff - TIMEOUT
lil-uri - OK
lime-js - OK
line-by-line - OK
line-reader - OK
lil-uuid - OK
linear-gradient - OK
line-column - OK
linkify-it - TIMEOUT
linesert - OK
line-navigator - OK
list-stream - OK
list-git-remotes - OK
little-loader - TIMEOUT
live-server - OK
listr - TIMEOUT
load-google-maps-api - TIMEOUT
leaflet-freedraw - TIMEOUT
loader-utils - TIMEOUT
livereload - OK
localtunnel - OK
locale - OK
loadware - NOK
locks - OK
lodash-deep - NOK
lodash-webpack-plugin - NOK
localized-countries - OK
logg - OK
loggly - TIMEOUT
logrotate-stream - OK
logfmt - OK
long-timeout - OK
log-process-errors - TIMEOUT
logstub - TIMEOUT
looper - OK
long - OK
loopbench - TIMEOUT
loopback-boot - OK
lossless-json - OK
loopback - TIMEOUT
lokijs - TIMEOUT
lory.js - TIMEOUT
lowdb - OK
lru-cache - OK
lozad - TIMEOUT
lscache - TIMEOUT
ltx - TIMEOUT
lucene - TIMEOUT
luhn-generator - OK
ltijs - TIMEOUT
luaparse - NOK
locutus - TIMEOUT
lyric-parser - TIMEOUT
lz-string - OK
lyricist - OK
lunr - OK
lusca - OK
lzma-native - NOK
lwip - NOK
macrotask - OK
magnet-uri - TIMEOUT
magic-number - OK
mailcheck - OK
main-bower-files - OK
mailgen - OK
map-to-obj - TIMEOUT
mailgun-js - OK
mapbox-gl-leaflet - OK
make-fetch-happen - OK
mapbox - TIMEOUT
markdown-it-container - OK
markdown-draft-js - TIMEOUT
markdown-it-emoji - OK
mapnik - NOK
markdown-it-highlightjs - OK
markdown-it-lazy-headers - OK
mariasql - NOK
markdown-it-link-attributes - OK
markdown-it-plantuml - OK
marked-terminal - OK
markdown-it - OK
markdown-magic - OK
markdown-pdf - OK
markitup - TIMEOUT
match-media-mock - OK
matchdep - OK
marker-animate-unobtrusive - OK
masonry-layout - OK
marked - TIMEOUT
mainloop.js - OK
material-ui-pagination - TIMEOUT
matchmediaquery - OK
math-trunc - OK
math-sign - OK
math-random - OK
mcping-js - OK
mdast - OK
math-expression-evaluator - OK
mcrypt - NOK
math3d - OK
material-design-lite - TIMEOUT
mdns - NOK
mdv - OK
mem-fs - OK
mem-cache - OK
media-typer - OK
mdurl - OK
md5 - OK
memdown - TIMEOUT
megajs - TIMEOUT
mem-fs-editor - TIMEOUT
materialize-css - TIMEOUT
memcached - OK
matter-js - TIMEOUT
memmonit - OK
memory-cache - OK
memory-pager - OK
memwatch-next - NOK
memorystream - OK
merge-descriptors - OK
memory-fs - OK
merge-deep - OK
merge-objects - OK
memoizee - OK
merge-env - OK
mercadopago - OK
merge-refs - TIMEOUT
merge-images - TIMEOUT
merge-img - TIMEOUT
mersenne-twister - OK
merge2 - OK
mergerino - OK
merge-stream - OK
messenger - OK
meshblu - NOK
mersennetwister - OK
metaget - OK
merkle - OK
metascraper-address - OK
methods - OK
metrostations - OK
metric-suffix - OK
micro-events - OK
metalsmith - OK
micro-cors - TIMEOUT
method-override - OK
meyda - TIMEOUT
metascraper - TIMEOUT
micromatch - OK
microtime - NOK
milliseconds - OK
micromodal - TIMEOUT
microservice-utilities - TIMEOUT
migrate-mongo - TIMEOUT
mime - OK
mime-db - TIMEOUT
mime-types - OK
min-document - OK
mina - OK
mimos - OK
min-indent - TIMEOUT
mini-html-webpack-plugin - TIMEOUT
minimalistic-assert - OK
minimal-bit-array - OK
minimal-request-promise - OK
minify - TIMEOUT
minimist - OK
minimatch - TIMEOUT
minipass - NOK
minio - TIMEOUT
mixpanel - OK
mini-css-extract-plugin - TIMEOUT
mitm - OK
mkpath - OK
mixto - OK
mkcert - OK
mkdirp - OK
mmmagic - OK
ml-levenberg-marquardt - OK
mithril - OK
mocha-each - TIMEOUT
mocha-phantomjs - OK
mocha-sugar-free - TIMEOUT
mock-raf - OK
mochawesome - OK
mocha-prepare - OK
mock-require - OK
mock-express-request - OK
mock-aws-s3 - NOK
mock-req-res - TIMEOUT
mockery - OK
mock-fs - OK
modesl - OK
module-alias - OK
modularscale - OK
modular-scale - OK
mockjs - TIMEOUT
moji - TIMEOUT
moment-business - NOK
moment-business-time - OK
moment-hijri - NOK
moment-duration-format - OK
moment-precise-range-plugin - OK
moment-holiday - TIMEOUT
moment-locales-webpack-plugin - TIMEOUT
moment-shortformat - TIMEOUT
money-math - OK
monday-sdk-js - TIMEOUT
moment-strftime2 - TIMEOUT
mongodb-uri - OK
mongoose-aggregate-paginate-v2 - OK
mongo-sanitize - OK
mongoose-deep-populate - OK
mongodb-queue - OK
mongoose-delete - OK
mongoose-id-validator - OK
mongoose-lean-virtuals - OK
mongoose-geojson-schema - OK
mongoose-paginate-v2 - NOK
mongoose-paginate - OK
mongoose-seeder - OK
mongoose-simple-random - OK
mongoose-sequence - OK
mongoose-unique-validator - OK
mongorito - TIMEOUT
moo - OK
mongration - OK
morgan - OK
motion-sensors-polyfill - OK
mouse-event-offset - OK
morgan-json - OK
motion-scroll - NOK
motor-hat - NOK
mosca - TIMEOUT
move-concurrently - TIMEOUT
moviedb - OK
moveto - TIMEOUT
moxios - TIMEOUT
mpromise - OK
mozjpeg - TIMEOUT
mpesa-node - TIMEOUT
ms - OK
ms.macro - OK
mousetrap - OK
mri - OK
mrz - NOK
msnodesql - NOK
msgpack - NOK
msgpack-lite - NOK
mudder - OK
mssql - OK
msgpack5 - TIMEOUT
multer-s3 - TIMEOUT
multi-progress - OK
multer - OK
multi-number-parse - OK
multer-gridfs-storage - NOK
multicast-dns - OK
multi-typeof - OK
multipipe - OK
multisort - OK
multiparty - OK
multireducer - TIMEOUT
multistream - TIMEOUT
mumath - OK
murmurhash-js - OK
muri - OK
multy - OK
multiplexjs - OK
murmurhash3js - OK
musicmatch - OK
multivariate-normal - OK
mute-stream - OK
mutexify - OK
mv - OK
mustache-express - OK
murmurhash3js-revisited - OK
mustache - NOK
n-readlines - OK
mysql-query-util - OK
named-regexp-groups - OK
mz - OK
nano-cache - OK
mysql-import - OK
named-routes - OK
nanoajax - OK
nanoid-dictionary - OK
nanoassert - OK
nano-equal - OK
nanographql - OK
nanotimer - OK
nanp - OK
native-hello-world - OK
mysql - OK
nanomsg - NOK
natural-compare-lite - OK
native-toast - TIMEOUT
ncom - OK
nat-upnp - OK
nanoscroller - OK
ndarray-ops - OK
natural-sort - TIMEOUT
ncp - OK
ndarray - OK
nearest-periodic-value - TIMEOUT
nearley - NOK
ndjson - OK
nconf - OK
needle - OK
neo4j - OK
net-ticks - OK
negotiator - OK
nes - TIMEOUT
netconf - OK
nedb - OK
network-interfaces - OK
netmask - OK
nested-error-stacks - OK
nestdb - OK
newline-remove - OK
netgear - OK
nexpect - OK
neverbounce - OK
ng-facebook - OK
next-biz-date - OK
ng-notify - TIMEOUT
next-tick - OK
ng-dialog - TIMEOUT
ng-showdown - TIMEOUT
ng-i18next - TIMEOUT
ng-stomp - TIMEOUT
ngbootbox - TIMEOUT
ngkookies - TIMEOUT
ngprogress - TIMEOUT
ng-tags-input - TIMEOUT
ngprogress-lite - OK
ngstorage - TIMEOUT
nice-try - OK
no-scroll - TIMEOUT
ngsijs - TIMEOUT
nib - OK
nise - OK
nightmare - TIMEOUT
noble - OK
node-abi - TIMEOUT
node-browser-history - TIMEOUT
node-apple-receipt-verify - TIMEOUT
node-canvas-text - OK
ng-cordova - TIMEOUT
node-cleanup - OK
node-crate - OK
node-calendar - OK
node-dogstatsd - OK
node-dir - OK
node-config-manager - OK
node-dijkstra - TIMEOUT
node-expat - NOK
node-cron - OK
node-easy-cert - TIMEOUT
node-getopt - OK
node-emoji - OK
node-fetch - TIMEOUT
node-gzip - OK
node-gcm - OK
node-gettext - OK
node-geocoder - TIMEOUT
nightwatch - OK
node-hook - TIMEOUT
node-hid - TIMEOUT
node-int64 - OK
node-insights - OK
node-horseman - OK
node-hue-api - OK
node-forge - TIMEOUT
node-localstorage - OK
node-microphone - OK
node-loggly-bulk - OK
node-memwatch - OK
node-isbn - OK
node-ipc - OK
node-observer - OK
node-netstat - OK
node-mongodb-fixtures - OK
node-openload - OK
node-mailjet - OK
node-notifier - OK
node-jose - TIMEOUT
node-persist - OK
node-os-utils - OK
node-polyglot - OK
node-phpass - OK
node-powershell - TIMEOUT
node-pdftk - OK
node-pushnotifications - TIMEOUT
node-red-node-test-helper - OK
node-ral - OK
node-redmine - OK
node-redis-pubsub - OK
node-rsa - OK
node-sass-tilde-importer - OK
node-sass-middleware - OK
node-siege - OK
node-schedule - TIMEOUT
node-snap7 - NOK
node-resque - OK
node-sprite-generator - OK
node-static - OK
node-statsd - OK
node-ssdp - OK
node-timecodes - OK
node-tlv - OK
node-windows - OK
node-telegram-bot-api - TIMEOUT
node-wget-promise - OK
node-xlsx - TIMEOUT
node-vagrant - OK
nodejs-license-file - OK
node-zopfli - TIMEOUT
node-zookeeper-client - OK
node-wit - OK
nodecredstash - OK
nodemailer-express-handlebars - OK
nodemailer-html-to-text - OK
nodemailer-ses-transport - OK
nodemailer-mailgun-transport - OK
noisejs - OK
nodemailer-smtp-pool - OK
noloopfor - OK
nodes7 - OK
nodemailer-smtp-transport - OK
nodemailer - OK
normalize-jss - OK
nomnom - TIMEOUT
nopt - OK
normalize-package-data - OK
normalplaytime - OK
notify - NOK
nonogram-solver - OK
normalize-path - OK
notp - NOK
notifyjs - TIMEOUT
nodeunit - OK
notie - TIMEOUT
npm-cache-filename - OK
nodemon - OK
npm-list-author-packages - TIMEOUT
npm-package-arg - OK
npm-license-crawler - OK
npm-packlist - OK
npm-paths - OK
npm-profile - OK
npm-registry-fetch - OK
npm-registry-package-info - TIMEOUT
npm-run - OK
npm-user-packages - TIMEOUT
novnc-core - OK
nslog - OK
nprogress - OK
nspell - NOK
nssm - OK
ns-api - OK
ntlm-client - OK
num2fraction - OK
nsqjs - OK
nut-pipe - OK
number-is-nan - OK
number-to-words - OK
nunjucks-date - OK
oauth - OK
numeral - TIMEOUT
numjs - NOK
nyaapi - OK
oauth-shim - OK
nvd3 - TIMEOUT
oauth2-implicit - TIMEOUT
nunjucks - TIMEOUT
object-assign - TIMEOUT
obj-file-parser - TIMEOUT
object-diff - OK
oauth2orize - OK
object-fit-images - TIMEOUT
oauth2-server - OK
object-assign-deep - OK
obelisk.js - TIMEOUT
object-joiner - OK
object-inspect - TIMEOUT
object-map - OK
object-hash - TIMEOUT
object-keys - OK
oakdex-pokedex - OK
object-mapper - OK
object-keys-mapping - TIMEOUT
object-merge - OK
object-path - OK
object.fromentries - OK
object.getownpropertydescriptors - OK
object-refs - OK
objects-to-csv - OK
objtools - OK
ofe - NOK
object.pick - OK
object.omit - OK
oblo-util - OK
observe-js - OK
offscreen-canvas - TIMEOUT
omelette - OK
oibackoff - OK
omggif - OK
oclazyload - TIMEOUT
omgopass - TIMEOUT
oja - OK
offline-js - OK
omit-empty - OK
on-wake-up - OK
one-time - OK
omit-deep-lodash - NOK
onesignal-cordova-plugin - OK
ontime - OK
on-finished - OK
on-headers - OK
once - OK
open-graph - OK
onionoo - TIMEOUT
ooura - OK
oniguruma - OK
openapi-sampler - TIMEOUT
openapi-factory - OK
opener - OK
openurl - OK
openurl2 - OK
open-graph-scraper - NOK
openid - TIMEOUT
optimist - OK
openstack-wrapper - OK
opentok - OK
opossum - NOK
orderedmap - OK
os-homedir - OK
optimize-css-assets-webpack-plugin - NOK
orchestrator - OK
oidc-provider - TIMEOUT
os-service - OK
os-tmpdir - OK
ospec - OK
osrs-json-api - OK
osmosis - TIMEOUT
osmtogeojson - OK
original - OK
orientjs - OK
p-fifo - OK
p-loading - TIMEOUT
owasp-password-strength-test - OK
overlayscrollbars - OK
ot - OK
package-name-regex - TIMEOUT
pa11y - NOK
packery - NOK
owl.carousel - TIMEOUT
pacote - OK
pad-left - OK
page-flip - TIMEOUT
parallel-transform - OK
page-icon - TIMEOUT
oracledb - TIMEOUT
p2 - TIMEOUT
parameterize - OK
pangu - TIMEOUT
papaparse - TIMEOUT
paralleljs - TIMEOUT
parameter - TIMEOUT
pako - TIMEOUT
openpgp - NOK
parity-pmr - OK
parents - OK
parity-pmd - OK
parity-poe - OK
parse-author - OK
parent-package-json - TIMEOUT
parse-color - OK
parse-cache-control - OK
parquetjs - OK
parse-data-url - TIMEOUT
parse-conflict-json - OK
parse-env-string - TIMEOUT
parse-full-name - OK
parse-git-config - OK
parse-filepath - OK
parse-github-url - TIMEOUT
parse-key - OK
parse-gitignore - OK
parse-link-header - OK
parse-glob - OK
parse-numeric-range - OK
parse-human-date-range - OK
parse-markdown-links - OK
parse-mockdb - OK
parse-package-name - TIMEOUT
parse-passwd - OK
parse-unit - OK
parse-torrent - TIMEOUT
parse-path - OK
parse-prefer-header - OK
parse-torrent-file - TIMEOUT
parseurl - OK
parsimmon - OK
passport-apple - OK
passport-anonymous - OK
passport - OK
passport-auth-token - OK
parsecurrency - OK
passport-beam - OK
pascalcase - OK
passport-discord - OK
passport-auth0 - OK
passport-facebook - OK
passport-facebook-token - OK
passport-github - OK
passport-cognito - OK
passport-bnet - OK
passport-google-oauth - OK
passport-google-oauth2 - OK
passport-github2 - OK
passport-google-oauth20 - OK
passport-instagram - OK
passport-instagram-graph - OK
passport-http-bearer - OK
passport-http - OK
passport-azure-ad - OK
passport-instagram-token - OK
passport-local - OK
passport-microsoft - OK
passport-naver - OK
passport-linkedin-oauth2 - OK
passport-kakao - OK
passport-oauth2-client-password - OK
passport-remember-me-extended - OK
passport-oauth2-refresh - OK
passport-local-mongoose - OK
passport-jwt - OK
passport-saml-metadata - OK
passport-saml - OK
passport-steam - OK
passport-vkontakte - OK
passport-twitch-latest - OK
passport-spotify - OK
password - NOK
passport-twitter - OK
passport-unique-token - TIMEOUT
passport-windowsauth - OK
path-is-absolute - OK
password-hash - NOK
path-parse - OK
password-hash-and-salt - OK
path-is-inside - OK
passport.socketio - OK
path-regex - OK
pause-me - OK
pause - OK
pathwatcher - TIMEOUT
pathval - TIMEOUT
pcm-volume - OK
payment - TIMEOUT
paystack - OK
pathfinding - TIMEOUT
pbkdf2 - TIMEOUT
pdf-image - OK
pdfobject - OK
paypal-rest-sdk - NOK
pbf - TIMEOUT
pdf-thumbnail - OK
peer-dial - OK
pell - NOK
pem-jwk - OK
pem - TIMEOUT
permit - TIMEOUT
pg-copy-streams - OK
perfy - OK
pegjs - TIMEOUT
pg-format - OK
pg-escape - OK
pgwmodal - OK
pg-large-object - TIMEOUT
pg-pool - TIMEOUT
pg-ears - OK
phonetic - OK
phonegap-nfc - OK
phoenix_live_view - OK
phantomjs - TIMEOUT
phantomcss - OK
phone - TIMEOUT
phone-formatter - OK
pi-camera - OK
pdfkit - TIMEOUT
pi-spi - OK
phonegap - TIMEOUT
pick-deep - OK
pick-weight - OK
photoswipe - OK
pid-from-port - TIMEOUT
pigpio-dht - NOK
photonui - TIMEOUT
pify - TIMEOUT
pikaday-time - OK
ping - OK
picomatch - TIMEOUT
pidusage - OK
pikaday - OK
picturefill - OK
pino-multi-stream - TIMEOUT
pino-http - TIMEOUT
pino-std-serializers - TIMEOUT
pinkyswear - OK
pino-pretty - TIMEOUT
piwik-tracker - OK
pinyin-engine - NOK
pixl-xml - OK
pkcs7-padding - OK
places - OK
platform - OK
pino - TIMEOUT
pipes-and-filters - OK
pizzip - OK
plantuml-encoder - TIMEOUT
pixelmatch - OK
play-sound - OK
pleasejs - OK
plist - OK
plugapi - TIMEOUT
png.js - NOK
plurals-cldr - TIMEOUT
png-img - OK
pluralize - OK
pngjs - TIMEOUT
pngquant-bin - TIMEOUT
point-in-polygon - OK
polycrc - OK
pngjs2 - TIMEOUT
polygon-selfintersect - OK
polygon - OK
podium - OK
polygons-intersect - OK
polygon-lookup - OK
polyline - OK
polymer-ts - OK
popup-window - TIMEOUT
post-message-stream - OK
pkijs - TIMEOUT
port-numbers - OK
portscanner - TIMEOUT
postcss-calc - TIMEOUT
postcss-custom-properties - OK
postcss-gap-properties - OK
postal - TIMEOUT
postcss-flexbugs-fixes - TIMEOUT
postcss-header - OK
postcss-icss-values - TIMEOUT
postcss-modules-extract-imports - TIMEOUT
postcss-import - TIMEOUT
postcss-modules-local-by-default - TIMEOUT
postcss-modules-values - TIMEOUT
postcss-less - OK
postcss-modules-scope - TIMEOUT
poster-image - OK
postcss-modules-resolve-imports - TIMEOUT
postcss-preset-env - TIMEOUT
postcss-reporter - TIMEOUT
postcss-safe-parser - TIMEOUT
pouchdb-adapter-cordova-sqlite - TIMEOUT
pouch-redux-middleware - TIMEOUT
postcss-url - OK
postmate - TIMEOUT
posterus - TIMEOUT
postman-collection - NOK
power-radix - OK
pouchdb-http - OK
pre-suf - OK
pouchdb-upsert - TIMEOUT
pouchdb-live-find - TIMEOUT
power-assert-formatter - TIMEOUT
precise - TIMEOUT
prettier-linter-helpers - OK
precond - TIMEOUT
pretty-data - OK
prelude-ls - NOK
pretty-hrtime - OK
pretty - OK
prettier-package-json - TIMEOUT
pretty-quick - TIMEOUT
pretty-time - OK
preval.macro - OK
priorityqueuejs - OK
preview-email - TIMEOUT
prettyjson - OK
probability-distributions - OK
printer - TIMEOUT
procfs-stats - OK
pinyin - OK
private-ip - TIMEOUT
progress - OK
primus - TIMEOUT
progress-bar-webpack-plugin - OK
prismic-dom - TIMEOUT
proclaim - NOK
progress-stream - OK
project-name - OK
progressbar.js - TIMEOUT
projections - OK
project-name-generator - OK
prometheus-gc-stats - TIMEOUT
project-oxford - OK
proj4 - TIMEOUT
promise-ftp - OK
promise-abortable - OK
promise-ftp-common - OK
promise-hash - OK
promise-inflight - OK
proj4leaflet - OK
promise-dag - OK
promise-fs - TIMEOUT
promise-map-limit - TIMEOUT
promise-memoize - OK
promise-poller - OK
promise-nodeify - OK
promise-sftp - OK
promise-retry - OK
promise-polyfill - TIMEOUT
promise-sequential - OK
promise-timeout - OK
promise-the-world - TIMEOUT
promise-queue - OK
prismjs - OK
promise.allsettled - OK
promise.prototype.finally - TIMEOUT
promised-ldap - OK
promise.any - OK
prompt-sync - OK
prompt-sync-history - OK
promisify-node - OK
prompt - OK
promised-temp - OK
promisify-supertest - OK
promptly - OK
proper-url-join - NOK
properties-reader - OK
prompts - OK
prosemirror-inputrules - OK
proper-lockfile - NOK
prosemirror-dropcursor - OK
prosemirror-history - OK
prosemirror-collab - OK
prosemirror-gapcursor - OK
prosemirror-changeset - OK
prosemirror-menu - OK
prosemirror-keymap - OK
prosemirror-commands - OK
prosemirror-schema-basic - OK
prosemirror-test-builder - OK
protoc-plugin - OK
prosemirror-schema-list - OK
prosemirror-markdown - OK
prosemirror-state - OK
prosemirror-transform - OK
protractor-browser-logs - OK
prosemirror-view - OK
protocols - OK
provinces - OK
protocol-buffers-schema - OK
protractor-helpers - OK
protractor-http-mock - TIMEOUT
proxy-addr - TIMEOUT
proxy-from-env - TIMEOUT
proxy-verifier - TIMEOUT
ps-node - OK
pseudo-localization - OK
proxyquire - OK
ps-tree - OK
pty.js - NOK
proxy-lists - TIMEOUT
pseudo-audio-param - OK
psi - TIMEOUT
pump - OK
pull-stream - OK
psl - TIMEOUT
puppeteer-lottie - TIMEOUT
pure-render-decorator - OK
pumpify - OK
punycode - OK
purdy - OK
pvutils - OK
python-struct - OK
purifycss-webpack - TIMEOUT
qr-image - OK
purl - TIMEOUT
pwd-strength - OK
q - OK
q-io - OK
qrcode-terminal - OK
qs - TIMEOUT
qrcode-svg - OK
qrcode - OK
qs-middleware - TIMEOUT
quick-format-unescaped - OK
quick-hash - OK
querystringify - OK
query-string-params - OK
quicksettings - OK
query-selector-shadow-dom - TIMEOUT
r-script - NOK
quixote - TIMEOUT
quotesy - OK
quoted-printable - OK
qwest - OK
rabbitmq-schema - TIMEOUT
qunit - NOK
rabbit.js - OK
radix64 - OK
quill - NOK
radius - TIMEOUT
random-name - OK
random-boolean - OK
random-bytes - OK
random-gradient - TIMEOUT
random-ipv6 - NOK
raf - OK
random-number - OK
random-string - NOK
random-seed - TIMEOUT
random-normal - OK
random-words - OK
random-number-csprng - OK
random-useragent - TIMEOUT
randomstring - OK
randombytes - OK
range_check - OK
raspi-peripheral - NOK
raspi-pwm - NOK
randomcolor - OK
randomatic - OK
rate-limit-redis - TIMEOUT
range-parser - OK
ratelimiter - OK
rc - OK
rascal - NOK
raven - TIMEOUT
raphael - OK
rbush - OK
ramda - NOK
rcloader - OK
rbac-a - OK
rdf-loader-code - OK
rdf-data-model - TIMEOUT
rdf-dataset-ext - TIMEOUT
rdf-dataset-indexed - OK
rdf-loaders-registry - TIMEOUT
rdf-transform-triple-to-quad - OK
rdf-validate-datatype - OK
react-adaptive-hooks - OK
rdf-validate-shacl - OK
react-amplitude - TIMEOUT
react-app - TIMEOUT
react-beforeunload - OK
react-blockies - OK
react-bootstrap-date-picker - TIMEOUT
react-body-classname - OK
react-combine-reducers - OK
react-cytoscapejs - OK
react-file-input - OK
react-close-on-escape - OK
react-geocode - OK
react-dragula - OK
react-gamepad - OK
react-global-configuration - OK
react-document-title - OK
react-gtm-module - OK
react-hammerjs - OK
react-hamburger-menu - TIMEOUT
react-hook-mousetrap - OK
react-highlighter - NOK
react-hooks-helper - NOK
react-hyperscript - OK
react-immutable-proptypes - NOK
react-is-deprecated - TIMEOUT
react-lifecycles-compat - TIMEOUT
react-native-android-taskdescription - OK
react-list - TIMEOUT
react-native-background-timer - OK
react-loader - OK
react-native-app-link - OK
react-native-base64 - OK
react-native-communications - OK
react-native-datawedge-intents - OK
react-native-event-source - OK
react-native-aws3 - OK
react-native-honeywell-scanner - OK
react-native-huawei-protected-apps - OK
react-native-incall-manager - OK
react-native-keep-awake - OK
react-native-md5 - OK
react-native-paypal-lib - OK
react-native-privacy-snapshot - OK
react-native-referrer - OK
react-native-sensor-manager - OK
react-native-rss-parser - OK
react-native-auth0 - TIMEOUT
react-native-toast-native - OK
react-native-easy-upgrade - NOK
react-native-joi - OK
react-native-sha1 - TIMEOUT
react-native-wol - TIMEOUT
react-notifications-component - NOK
react-otp-input - NOK
react-onclickoutside - TIMEOUT
react-radio-group - TIMEOUT
react-redux-i18n - TIMEOUT
react-shadow-dom-retarget-events - OK
react-router-hash-link - NOK
react-router-param-link - TIMEOUT
react-scroll-sync - NOK
react-swf - OK
react-twitter-conversion-tracker - OK
react-select-country-list - OK
react-twitter-conversion-tracker-plus - OK
react-snapshot - OK
react-spinner - OK
reactjs-localstorage - OK
readline-sync - OK
read-json-sync - OK
readme-filename - TIMEOUT
read-package-tree - OK
readline-transform - OK
recase - OK
rebind-host - TIMEOUT
recaptcha2 - OK
reconnectingwebsocket - OK
readmore-js - OK
recharts-scale - OK
recursive-readdir - OK
rechoir - OK
redact-axios-error - OK
reconnect-core - OK
redact-secrets - NOK
redis-errors - OK
redis-info - NOK
redis-scripto - OK
redis-rate-limiter - OK
redux-action - NOK
redis-mock - OK
redlock - OK
redux-action-utils - OK
redux-api-middleware - TIMEOUT
redux-async-queue - TIMEOUT
redux-batched-subscribe - TIMEOUT
redux-actions - TIMEOUT
redux-debounced - TIMEOUT
redux-cablecar - TIMEOUT
redux-duck - TIMEOUT
recordrtc - TIMEOUT
redux-first-router-restore-scroll - TIMEOUT
redux-first-routing - TIMEOUT
redux-immutable-state-invariant - TIMEOUT
redux-injectable-store - TIMEOUT
redux-localstorage-debounce - TIMEOUT
redux-localstorage - TIMEOUT
redux-localstorage-filter - TIMEOUT
redux-mock-store - TIMEOUT
redux-optimistic-ui - TIMEOUT
redux-pack - TIMEOUT
redux-promise - TIMEOUT
redux-recycle - TIMEOUT
redux-saga-routines - TIMEOUT
redux-saga-tester - TIMEOUT
redux-shortcuts - TIMEOUT
redux-seamless-immutable - TIMEOUT
redux-sentry-middleware - TIMEOUT
redux-socket.io - TIMEOUT
redux-storage - TIMEOUT
redux-storage-engine-jsurl - TIMEOUT
redux-subscriber - TIMEOUT
redux-storage-engine-localstorage - TIMEOUT
redux-watch - TIMEOUT
redux-testkit - TIMEOUT
ref-array-di - TIMEOUT
ref-array - OK
ref-struct - OK
ref-struct-di - TIMEOUT
reefjs - OK
ref-napi - TIMEOUT
ref - OK
ref-union-di - TIMEOUT
ref-union - OK
registry-auth-token - OK
regexgen - OK
reflux - TIMEOUT
regression - TIMEOUT
rellax - OK
regenerate - OK
relaxed-json - TIMEOUT
remove-markdown - OK
remote-origin-url - OK
refractor - TIMEOUT
relateurl - OK
remotedev-server - TIMEOUT
remarkable - TIMEOUT
rename - OK
repeat-element - OK
replace-ext - TIMEOUT
repeating - TIMEOUT
repeat-string - OK
request-debug - OK
replacestream - OK
request-ip - TIMEOUT
request-promise - TIMEOUT
request-promise-native - TIMEOUT
request - OK
require-all - OK
requestidlecallback - OK
request-stats - OK
requestretry - TIMEOUT
require-relative - OK
requireindex - OK
require-dir - OK
require-from-string - OK
require-directory - OK
require-hacker - TIMEOUT
reservoir - OK
requires-port - OK
reserved-words - OK
resemblejs - TIMEOUT
resolve-bin - OK
resolve-protobuf-schema - OK
resize-img - TIMEOUT
resolve - TIMEOUT
resolve-path - OK
resolve-options - TIMEOUT
responselike - TIMEOUT
restangular - TIMEOUT
resourcejs - OK
response-time - OK
restify-cookies - OK
restify-cors-middleware - TIMEOUT
restify-errors - TIMEOUT
restling - OK
rest - OK
restler - TIMEOUT
restify-plugins - TIMEOUT
revalidator - OK
retry-as-promised - OK
retinajs - TIMEOUT
resx - TIMEOUT
retry - OK
rewire - OK
right-align - OK
rfc2047 - OK
rijndael-js - OK
riotcontrol - OK
ringbufferjs - OK
rison - OK
reveal - OK
ripemd160 - OK
rickshaw - TIMEOUT
robust-point-in-polygon - OK
rmfr - OK
roll - OK
roll-a-die - TIMEOUT
rollup-plugin-add-git-msg - NOK
rollup-plugin-auto-external - OK
rollup-plugin-buble - NOK
rollup-plugin-json - OK
rollup-plugin-peer-deps-external - TIMEOUT
rollup-plugin-node-globals - TIMEOUT
rollup-plugin-url - NOK
rollup-plugin-progress - OK
rollup-plugin-node-builtins - TIMEOUT
romans - TIMEOUT
root-check - OK
romaji-name - NOK
rollup-plugin-visualizer - TIMEOUT
routie - OK
rosie - OK
rocksdb - TIMEOUT
round - OK
route-parser - TIMEOUT
rpi-gpio - OK
rrdir - TIMEOUT
rss - TIMEOUT
rsmq-worker - OK
rsync - OK
rsvp - TIMEOUT
rtl-detect - OK
rtlcss - OK
run-parallel-limit - TIMEOUT
run-parallel - OK
rtp-parser - OK
runes - TIMEOUT
russian-nouns-js - OK
run-sequence - OK
rwlock - TIMEOUT
rtree - OK
s3-upload-stream - OK
rx-node - OK
s3-download-stream - OK
s3-uploader - TIMEOUT
s3-streams - OK
safe-regex - OK
safe-json-stringify - OK
safe-compare - OK
safe-timers - TIMEOUT
sade - OK
s3rver - TIMEOUT
safer-buffer - OK
salesman.js - OK
sailthru-client - TIMEOUT
saml20 - OK
saml - OK
sails.io.js - TIMEOUT
saml2-js - OK
sandboxed-module - OK
samlp - OK
sane-email-validation - OK
sane - OK
sanitize-html - OK
sasl-anonymous - OK
sasl-external - OK
sasl-scram-sha-1 - OK
sasl-digest-md5 - OK
sasl-plain - OK
sanctuary - OK
satnav - OK
saslprep - OK
sat - OK
saslmechanisms - OK
sass-graph - OK
save-csv - OK
sass-loader - TIMEOUT
saywhen - OK
save-pixels - OK
sax-stream - OK
sbd - OK
sc-channel - OK
sc-errors - OK
sc-framework-health-check - OK
sc-broker-cluster - OK
sax - TIMEOUT
scc-broker-client - OK
scoped-http-client - OK
sc-broker - OK
scratch-env - OK
sc-hot-reboot - OK
scalike - TIMEOUT
schwifty - TIMEOUT
scroll - OK
screeps - TIMEOUT
scroll-to-element - OK
schluessel - OK
screeps-profiler - OK
scroll-into-view - TIMEOUT
scrollparent - OK
scroll-lock - TIMEOUT
scrolltofixed - OK
scriptjs - OK
scroller - OK
scrollbooster - TIMEOUT
scrollreveal - TIMEOUT
scryptsy - TIMEOUT
scrypt-async - TIMEOUT
scrypt - OK
scss-parser - TIMEOUT
seamless-immutable - TIMEOUT
sdp-transform - OK
secure-json-parse - TIMEOUT
season - OK
secure-random-string - OK
seed-random - OK
secure-password - OK
secp256k1 - TIMEOUT
segment-api - OK
secure-random-password - TIMEOUT
selectables - OK
seededshuffle - OK
seatsio - TIMEOUT
semantic-ui-api - OK
semantic-ui-accordion - OK
semantic-ui-checkbox - OK
seedrandom - TIMEOUT
semantic-ui-dimmer - OK
selectn - TIMEOUT
semantic-ui-dropdown - OK
selenium-standalone - OK
semantic-ui-embed - OK
semantic-ui-form - OK
semantic-ui-modal - OK
semantic-ui-nag - OK
semantic-ui-rating - OK
semantic-ui-popup - OK
semantic-ui-progress - OK
semantic-ui-shape - OK
semantic-ui-search - OK
semantic-ui-site - OK
semantic-ui-sidebar - OK
semantic-ui-tab - OK
semaphore - OK
semantic-ui-visibility - OK
selectize - NOK
semantic-release - TIMEOUT
seen - TIMEOUT
semver-compare - OK
semver-sort - TIMEOUT
semver-stable - OK
sendmail - TIMEOUT
send - TIMEOUT
sendcloud - OK
sequencify - OK
semver - TIMEOUT
sentiment - TIMEOUT
sequelize-cursor-pagination - TIMEOUT
sequester - OK
sequelize-fixtures - TIMEOUT
serve-favicon - TIMEOUT
server-destroy - OK
serve-handler - TIMEOUT
serve-static - TIMEOUT
serve-index - OK
server-timing-header - TIMEOUT
serverless-jest-plugin - TIMEOUT
servicenow - OK
session-file-store - OK
set-cookie-parser - OK
set-interval-async - TIMEOUT
set-link - OK
setasap - TIMEOUT
settings - OK
sha256 - OK
shallow-equals - OK
set-value - OK
setimmediate - TIMEOUT
shasum - OK
sha256-file - TIMEOUT
shell-escape - OK
share-api-polyfill - TIMEOUT
sharpie - OK
shebang-command - TIMEOUT
shell-quote - OK
sheetify - TIMEOUT
shapefile - OK
sharedb - TIMEOUT
shimmer - OK
shelljs-exec-proxy - TIMEOUT
shevyjs - TIMEOUT
shortid - TIMEOUT
sharp - TIMEOUT
shelljs - TIMEOUT
shopify-buy - TIMEOUT
shot - OK
shuffle-seed - OK
siesta - OK
siege - OK
should-sinon - OK
sigmund - OK
shuffle-array - OK
signalr-no-jquery - OK
shrink-ray - TIMEOUT
siema - TIMEOUT
signale - TIMEOUT
simple-assign - OK
similarity - TIMEOUT
signalfx - TIMEOUT
signature_pad - TIMEOUT
simmerjs - TIMEOUT
showdown - TIMEOUT
simple-cw-node - OK
simple-lru - NOK
simple-diff - TIMEOUT
simple-element-resize-detector - TIMEOUT
simple-mock - TIMEOUT
simple-oauth2 - TIMEOUT
simple-sha1 - TIMEOUT
simple-xml - TIMEOUT
simple-peer - TIMEOUT
simulant - TIMEOUT
simplesmtp - OK
single-line-log - OK
simplestorage.js - OK
simplecrawler - OK
sinon-as-promised - TIMEOUT
sinon-express-mock - TIMEOUT
single-trailing-newline - OK
sinon-stub-promise - OK
sinon-chai - OK
sinon-mongoose - TIMEOUT
sinon-test - TIMEOUT
sinon-chrome - TIMEOUT
ski - OK
siren-parser - TIMEOUT
sitemap-generator - TIMEOUT
sitemap2 - TIMEOUT
skilja - TIMEOUT
skia-canvas - TIMEOUT
skmeans - OK
slack-node - OK
slack-winston - OK
slack-mock - TIMEOUT
slackdown - OK
sizzle - TIMEOUT
sjcl - OK
slackify-html - OK
slick-carousel - OK
sleep - OK
slice-ansi - TIMEOUT
slideout - TIMEOUT
sloc - TIMEOUT
slocket - TIMEOUT
slug - TIMEOUT
smart-truncate - TIMEOUT
smartwizard - TIMEOUT
smb2 - OK
smshelper - OK
sm-crypto - TIMEOUT
smoothscroll-polyfill - TIMEOUT
smartystreets-javascript-sdk - TIMEOUT
snmp-native - NOK
smtpapi - OK
smtp-server - TIMEOUT
smpte-timecode - OK
socket.io-file - OK
snekfetch - TIMEOUT
sns-validator - OK
socketio-jwt-auth - OK
social-logos - TIMEOUT
sntp - OK
sockjs - OK
socketio-wildcard - TIMEOUT
socketty - TIMEOUT
socketcluster-server - OK
something-random-on-discord - OK
snowflake-sdk - OK
socketcluster-client - TIMEOUT
sodium-native - TIMEOUT
sonar-js - TIMEOUT
sort-object-keys - OK
sonic-boom - TIMEOUT
sorted-array-functions - OK
sort-array - OK
sort-json - OK
soupbintcp - OK
source-list-map - OK
sound-play - OK
spark-md5 - OK
sorted-object - OK
source-map-support - OK
space-pen - TIMEOUT
spdx-correct - OK
soundmanager2 - OK
sparkpost - TIMEOUT
spdx-satisfies - OK
sparql-http-client - TIMEOUT
spdx-expression-parse - OK
spectrogram - OK
sparqljs - OK
speakeasy - TIMEOUT
spdy - OK
speakingurl - TIMEOUT
speedtest-net - TIMEOUT
splashy - TIMEOUT
split - OK
speed-measure-webpack-plugin - TIMEOUT
sprintf - OK
spellchecker - OK
split2 - TIMEOUT
spotify-node-applescript - OK
splunk-bunyan-logger - OK
splunk-logging - OK
sprintf-js - OK
sqlanywhere - NOK
spotify-web-api-node - TIMEOUT
sql-bricks - OK
sql-template - OK
srp - NOK
sqlstring - TIMEOUT
squirejs - OK
ssh-key-decrypt - OK
ssh2 - OK
splitpanes - TIMEOUT
ssdeep - OK
ssh2-streams - OK
stack-trace - NOK
ssri - TIMEOUT
stack-utils - NOK
ssb-keys - OK
stack-mapper - TIMEOUT
standard-error - OK
standard-engine - OK
stale-lru-cache - OK
stampit - TIMEOUT
standard-http-error - OK
static-eval - OK
stat-mode - OK
stats.js - OK
starwars-names - TIMEOUT
standard-version - TIMEOUT
std-mocks - OK
stats-lite - OK
stdout-stream - OK
staticmaps - TIMEOUT
steam - NOK
statsd-client - OK
steam-totp - OK
steamid - OK
statuses - OK
steed - TIMEOUT
steam-login - OK
stegcloak - TIMEOUT
steam-client - OK
steelseries - TIMEOUT
sticky-cluster - OK
stoppable - OK
stompjs - OK
stompit - OK
storage-helper - TIMEOUT
stream-array - OK
stopword - TIMEOUT
strange - OK
stream-chain - OK
stream-csv-as-json - OK
store - TIMEOUT
stream-demux - OK
stream-each - OK
stream-series - OK
stream-json - OK
stream-throttle - OK
stream-meter - OK
streamifier - OK
stream-buffers - OK
streamify-array - OK
streamsaver - OK
stream-to-array - OK
stream-shift - OK
streamjs - NOK
streamtest - OK
stream-to-promise - OK
strftime - OK
square-connect - OK
strict-uri-encode - OK
streamx - OK
string-hash - OK
stremio-addon-sdk - OK
string-placeholder - OK
string-format - OK
string - TIMEOUT
string-natural-compare - OK
string-replace-loader - OK
string-pixel-width - TIMEOUT
string-replace-webpack-plugin - OK
string-template - OK
string_score - OK
string-similarity - OK
strip-color - OK
string.prototype.matchall - OK
stringify-author - OK
struct - NOK
strophejs-plugin-roster - OK
strip-final-newline - OK
stripe-checkout - OK
strong-log-transformer - OK
structured-source - OK
stubby - OK
style-search - OK
stylenames - OK
stylis - OK
subleveldown - TIMEOUT
subscribe-ui-event - TIMEOUT
subtitle - OK
suncalc - OK
sudokus - TIMEOUT
sunrise-sunset-js - OK
superagent-no-cache - NOK
superagent-bunyan - OK
superagent-retry-delay - OK
superagent-proxy - OK
stylus - OK
supercluster - OK
supports-color - OK
superfine - OK
supertest - OK
svg-parser - NOK
svg-intersections - NOK
svg-outline-stroke - OK
svg-path-parser - OK
svg-path-bounding-box - OK
svg-path-bbox - OK
svg2png - OK
svg-sprite - OK
svg2ttf - OK
svg-tags - OK
svg4everybody - OK
svg-spritemap-webpack-plugin - OK
svgicons2svgfont - OK
stylelint - OK
swagger-express-mw - OK
swagger-express-validator - OK
swag - OK
swagger-hapi - OK
swagger-restify-mw - OK
swagger-sails-hook - OK
swagger-node-runner - OK
svgo - OK
swagger-jsdoc - TIMEOUT
swagger-express-middleware - OK
swfobject - OK
swagger-ui-express - OK
swipe - OK
swe-validation - OK
swiz - OK
swaggerize-express - OK
swiftclick - OK
symlink-or-copy - OK
sybase-promised - OK
swig-email-templates - OK
symbol-tree - OK
swagger-stats - TIMEOUT
symphony-api-client-node - OK
system-logger - TIMEOUT
syslog-client - OK
tableau - OK
synaptic - OK
system-service - TIMEOUT
system-task - TIMEOUT
tableify - OK
table-resolver - TIMEOUT
tabbable - OK
tabtab - NOK
swagger-tools - TIMEOUT
tape-catch - NOK
tail - NOK
tape-async - OK
tabulator - OK
tapable - OK
tape - TIMEOUT
tar-js - OK
targz - OK
tape-promise - OK
tar-fs - OK
tar-stream - OK
tcp-ping - OK
task-graph-runner - OK
tailwindcss - TIMEOUT
temp - OK
tarantool-driver - OK
terminal-menu - OK
temp-fs - OK
teddy - OK
tablesorter - TIMEOUT
tedious-connection-pool - OK
test-console - OK
test-listen - TIMEOUT
text-encoding-utf-8 - OK
tabulator-tables - TIMEOUT
testingbot-api - OK
terser-webpack-plugin - TIMEOUT
teslajs - OK
text-table - OK
textarea-caret - OK
text-encoding - OK
tether-drop - TIMEOUT
textfit - OK
tether - TIMEOUT
text-to-svg - TIMEOUT
then-eos - OK
textextensions - OK
textversionjs - TIMEOUT
textract - OK
textr - OK
tgfancy - TIMEOUT
three-dat.gui - TIMEOUT
theo - OK
throttleit - OK
throttle - OK
through - OK
through2-map - OK
through2-concurrent - OK
throttle-debounce - NOK
throng - OK
time-constants - OK
tile-reduce - NOK
tictactoejs - OK
tiff-to-png - OK
timer-machine - OK
timepicker - TIMEOUT
tinder - OK
timezone-js - OK
timing-safe-equal - OK
timestring - OK
timing.js - OK
timsort - OK
tingle.js - OK
tiny-async-pool - OK
tinycon - NOK
timelinejs3 - OK
tiny-json-http - OK
thrift - OK
tinycolor2 - OK
title - OK
tldjs - OK
to-camel-case - OK
tlf-log - TIMEOUT
tmi.js - OK
to-px - OK
to-snake-case - OK
to-ico - TIMEOUT
tmp - OK
to-slug-case - OK
to-absolute-glob - OK
to-space-case - OK
toastify-js - OK
to-title-case - OK
to-markdown - TIMEOUT
to-json-schema - OK
tokgen - OK
toobusy-js - OK
toastr - TIMEOUT
tocktimer - OK
topojson-simplify - OK
topojson - OK
toposort - OK
topo - OK
topojson-client - OK
topojson-server - NOK
torrent-stream - OK
torrent-search-api - TIMEOUT
touch - OK
tracery-grammar - OK
tooltipster - OK
tough-cookie-file-store - OK
tough-cookie - OK
trashable - OK
traverse - OK
treeify - OK
transducers.js - OK
tress - OK
traverson - OK
trim - OK
travis-fold - OK
transform-coordinates - OK
trie-prefix-tree - TIMEOUT
triple-beam - OK
truffle-privatekey-provider - OK
tsscmp - OK
tspromise - OK
truncate-middle - NOK
trouter - OK
tsv - OK
tsc-watch - OK
tunnel-ssh - OK
ttf2woff - OK
turndown - OK
turbostatus - OK
tweenjs - OK
tweezer.js - OK
twilio-common - OK
twitter-stream-channels - OK
twig - OK
twit - OK
twix - OK
type-detect - TIMEOUT
type-check - OK
ttf2woff2 - OK
typedarray-pool - OK
type-is - OK
type-name - OK
typescript-deferred - OK
typeof - OK
typeahead.js - TIMEOUT
ua-parser-js - NOK
tz-format - OK
uglifycss - OK
typopo - OK
udp-discovery - OK
tz-offset - OK
uinput - NOK
uid-generator - OK
uid-safe - OK
uglifyjs-webpack-plugin - TIMEOUT
ultron - OK
ui-select - TIMEOUT
unc-path-regex - OK
underscore-ko - TIMEOUT
umzug - OK
undertaker - TIMEOUT
uniqid - OK
uniq - OK
unicode-trie - OK
underscore.string - OK
unique-push-id - TIMEOUT
unique-hash-stream - OK
universalify - TIMEOUT
universal-analytics - OK
uikit - TIMEOUT
underscore - OK
unixify - OK
unordered-array-remove - OK
unused-files-webpack-plugin - TIMEOUT
unix-permissions - TIMEOUT
unl-core - OK
unzip - OK
upng-js - OK
uploadcare - OK
upnp-mediarenderer-client - OK
unused-webpack-plugin - TIMEOUT
urban-dictionary - OK
uri-template-lite - OK
update-notifier - TIMEOUT
uppercamelcase - TIMEOUT
urix - OK
unzipper - OK
url-join - OK
uri-templates - OK
url-assembler - OK
url-params - OK
url-match-patterns - OK
uritemplate - OK
url-parse - TIMEOUT
url-regex-safe - TIMEOUT
url-params-parser - OK
url-safe-base64 - OK
url-template - OK
urlsafe-base64 - OK
url-search-params - OK
urlencode - OK
usage - OK
urijs - OK
urlparser - OK
usb - NOK
use-global-hook - OK
urlrouter - OK
use-double-click - TIMEOUT
user-idle-observer - OK
use-combined-reducers - TIMEOUT
user-home - OK
uslug - OK
use-persisted-state - TIMEOUT
util-deprecate - OK
utif - OK
utf-8-validate - OK
utils-merge - OK
utm - OK
useragent - OK
uuencode - OK
uuid-js - OK
utf8 - OK
uuid-parse - OK
v8flags - OK
uuid-1345 - OK
uuid-validate - OK
util.promisify - OK
uuid-with-v6 - OK
valdr - TIMEOUT
vali-date - TIMEOUT
valiant - TIMEOUT
valid-url - OK
uuid-readable - OK
validate-npm-package-license - OK
valid-data-url - OK
vara - OK
varint - OK
vcards-js - OK
validate-npm-package-name - TIMEOUT
vanilla-modal - OK
vault-auth-aws - OK
validatorjs - TIMEOUT
verror - OK
vary - OK
vec2 - OK
vex-js - NOK
vast-client - TIMEOUT
venn - OK
vhost - OK
videojs-contrib-quality-levels - TIMEOUT
viewability-helper - OK
videojs-hotkeys - OK
victor - OK
viewport-list - TIMEOUT
vigour-ua - OK
vinyl-buffer - OK
viewporter - TIMEOUT
vimeo - OK
vinyl - TIMEOUT
vinyl-file - TIMEOUT
vitalsigns - OK
vinyl-source-stream - OK
vinyl-fs - OK
vinyl-paths - TIMEOUT
vivus - TIMEOUT
vndb - TIMEOUT
virtual-dom - TIMEOUT
vmap - OK
voice-activity-detection - OK
voucher-code-generator - OK
vscode - OK
voronoi-diagram - OK
vssln-parser - TIMEOUT
vscode-windows-registry - OK
vorpal - TIMEOUT
vnu-jar - OK
vue-feather-icons - TIMEOUT
vue-chartkick - OK
vue-clickaway - OK
vue-cropperjs - OK
voca - TIMEOUT
vue-color - OK
vue-ls - TIMEOUT
vue-datetime - TIMEOUT
vue-moment - TIMEOUT
vue-scroll-up - TIMEOUT
vue-splitpane - TIMEOUT
vue-nice-dates - TIMEOUT
vue2-hammer - TIMEOUT
vue-select - TIMEOUT
vue2-editor - TIMEOUT
vue-markdown - OK
wake_on_lan - OK
w3c-hr-time - TIMEOUT
w3c-xmlserializer - TIMEOUT
wait-on - OK
vuelidate - TIMEOUT
watch - OK
wallop - TIMEOUT
warning - OK
wampy - TIMEOUT
wav - OK
wanakana - TIMEOUT
wcwidth - OK
wav-encoder - OK
wawoff2 - OK
wcag-contrast - TIMEOUT
weapp-api - OK
weaveid - OK
weak - OK
weak-napi - OK
webcl - OK
wavesurfer.js - TIMEOUT
waterline - OK
webicon - OK
webfontloader - OK
waypoints - OK
webcrypto - TIMEOUT
web3-provider-engine - TIMEOUT
webidl2 - TIMEOUT
webpack-assets-manifest - OK
webpack-cdn-inject - OK
webpack-clean - TIMEOUT
webpack-cleanup-plugin - TIMEOUT
webpack-dotenv-plugin - OK
webpack-entry-manifest-plugin - OK
webpack-concat-plugin - TIMEOUT
webpack-error-notification - OK
webpack-fail-plugin - OK
webpack-deadcode-plugin - OK
webpack-config-utils - TIMEOUT
webpack-env - OK
webpack-hot-middleware - OK
webpack-hot-client - TIMEOUT
webpack-livereload-plugin - OK
webpack-merge-and-include-globally - TIMEOUT
webpack-node-externals - OK
webpack-notifier - OK
webpack-manifest-plugin - TIMEOUT
webpack-shell-plugin - TIMEOUT
webpack-stream - TIMEOUT
webpack-stats-plugin - TIMEOUT
webpack-pkg-plugin-v4 - OK
webpack-serve - TIMEOUT
webpack-sources - TIMEOUT
webpack-virtual-modules - TIMEOUT
webpack-watched-glob-entries-plugin - TIMEOUT
webpack-validator - TIMEOUT
webpack-subresource-integrity - TIMEOUT
websequencediagrams - OK
webprogbase-console-view - OK
webpagetest - OK
webxr - OK
webpackbar - TIMEOUT
webshot-node - OK
website-scraper - OK
weighted - OK
weighted-random-object - OK
whatwg-encoding - OK
wheel - OK
whatwg-mimetype - OK
websql - OK
week - OK
when-dom-ready - TIMEOUT
whatwg-url - OK
which - OK
when - NOK
which-pm-runs - TIMEOUT
whois-json - OK
whitelist-object - OK
wepy - TIMEOUT
whois-parsed - OK
whoops - OK
webtorrent - TIMEOUT
windows-elevate - OK
windows-mutex - NOK
wif - OK
windows-service - NOK
winbox - OK
window-size - OK
window-or-global - TIMEOUT
wink-tokenizer - OK
wildstring - OK
wink-pos-tagger - OK
winreg - OK
winston-dynamodb - OK
winston-mail - OK
winston-loggly-bulk - OK
wnumb - OK
wol - OK
wkhtmltopdf - OK
word-extractor - OK
wordcloud - OK
wordpress-hash-node - OK
words-to-time-converter - OK
winston-syslog - OK
wordwrap - NOK
wordfilter - OK
worker-plugin - TIMEOUT
wrap-ansi - TIMEOUT
worker-threads-pool - OK
workerpool - OK
world-currencies - OK
wreck - OK
wpapi - OK
write-file-atomic - OK
wrench - OK
writable-consumable-stream - OK
write - OK
wtfnode - OK
write-file-atomically - OK
ws - OK
write-good - OK
x-axios-progress-bar - OK
wuzzy - OK
x-ray - OK
wu - OK
xdate - OK
xml - OK
x-ray-crawler - OK
xml-c14n - OK
xar - OK
xdomain - OK
xml-crypto - OK
xml-escape - OK
xml2js - OK
xml-flow - OK
xml-encryption - OK
xmljs - OK
xml2json - OK
xmldoc - OK
x509.js - OK
xmlrpc - OK
xmltojson - OK
xsalsa20 - OK
xmlpoke - OK
xmlserializer - OK
xtend - OK
xo - TIMEOUT
xss-filters - TIMEOUT
xsd-schema-validator - OK
yaeti - NOK
y18n - TIMEOUT
ya-disk - TIMEOUT
yallist - OK
yar - OK
yargs-interactive - TIMEOUT
yargs-parser - TIMEOUT
yamljs - OK
yargs-unparser - OK
yauzl - OK
yazl - OK
yawn-yaml - TIMEOUT
yauzl-promise - OK
yeast - OK
yayson - OK
yeoman-assert - TIMEOUT
yesql - OK
yeoman-test - TIMEOUT
yeoman-environment - TIMEOUT
yog-log - OK
yog-bigpipe - OK
yog2-kernel - OK
yosay - TIMEOUT
x-editable - OK
yt-player - OK
youtube-dl - TIMEOUT
zarinpal-checkout - OK
yup - TIMEOUT
zen-push - OK
zenscroll - OK
zen-observable - OK
zenaton - TIMEOUT
zdog - OK
zeromq - NOK
zfont - OK
ziggy-js - TIMEOUT
zip-webpack-plugin - TIMEOUT
zmq - NOK
zipcelx - TIMEOUT
zopflipng-bin - TIMEOUT
yuka - TIMEOUT
zurb-twentytwenty - TIMEOUT
zumly - TIMEOUT
zxcvbn - TIMEOUT
zipcodes - OK
zrender - OK
zui - TIMEOUT
