abs - OK
absolute - OK
absolute-url - OK
accept-language-parser - OK
accepts - OK
accurate-interval - OK
acl - OK
acorn - OK
add-zero - OK
adlib - OK
aes-js - NOK
agent-base - OK
ajv-merge-patch - NOK
ajv-pack - OK
alexa-voice-service - OK
algebra.js - OK
align-text - OK
alks-node - OK
all-the-cities - OK
almost-equal - OK
alpha-shape - OK
amplify - OK
amqp - OK
amqplib - OK
android-versions - OK
angular-breadcrumb - OK
angular-clipboard - OK
angular-dialog-service - OK
angular-media-queries - OK
angular-modal - OK
angular-notify - OK
ansi-escape-sequences - OK
ansicolors - OK
any-db - OK
api-error-handler - OK
apigee-access - OK
app-module-path - OK
app-root-path - OK
append-query - OK
archiver - OK
archy - OK
arr-union - OK
array-foreach - OK
array-initial - OK
array-sort - OK
array-unique - OK
arrive - OK
asn1 - OK
assert-plus - OK
assertsharp - OK
async-busboy - OK
async-iterable-stream - OK
async-lock - OK
async-stream-emitter - OK
async-writer - OK
atpl - OK
audio-context - OK
audio-play - OK
audiobuffer-to-wav - OK
audiosprite - OK
auto-launch - OK
autokanji - OK
aws-kcl - OK
aws-lambda - OK
aws4 - OK
axios-token-interceptor - OK
b-spline - OK
b_ - OK
backblaze-b2 - OK
backbone.layoutmanager - OK
backbone.paginator - OK
backbone.radio - OK
backgrid - OK
backlog-js - OK
backoff - OK
bagpipes - OK
balanced-match - OK
barbellweights - OK
base-64 - OK
base64-stream - OK
bases - OK
bash-glob - OK
basic-auth - OK
basicauth-middleware - OK
batch-stream - OK
bcrypt - OK
bencode - OK
better-curry - OK
better-queue - OK
bezier-js - OK
bidirectional-map - OK
big.js - OK
bigi - OK
bintrees - OK
bit-array - OK
bit-twiddle - OK
bitwise-xor - OK
bleno - OK
blob-stream - OK
blocked - OK
blocked-at - OK
bloem - NOK
bloom-filter - OK
blue-tape - OK
blueimp-load-image - OK
blueimp-md5 - OK
body - OK
body-parser - OK
body-parser-xml - OK
bootstrap-3-typeahead - OK
bootstrap-notify - OK
bootstrap-touchspin - OK
box-intersect - OK
brace-expansion - OK
braces - OK
braintree - OK
branca - OK
breeze - OK
bristol - OK
broken-link-checker - OK
brorand - OK
browser-resolve - OK
buffer-compare - OK
buffer-crc32 - OK
buffer-equal - OK
buffer-from - OK
buffer-json - OK
buffer-split - OK
buffer-to-stream - OK
buffer-xor - OK
bufferhelper - OK
buffers - OK
bump-regex - OK
bunnymq - OK
bunyan-config - OK
bunyan-format - OK
bunyan-logentries - OK
bunyan-prettystream - OK
busboy - NOK
byline - OK
bytewise - OK
c-struct - NOK
cabarc - OK
cache-manager-fs-hash - OK
cached - OK
calc-percent - OK
caller - OK
camelcase-css - OK
camelcase-keys-deep - OK
camo - OK
caniuse-api - OK
canvas-fit - OK
capitalize - OK
capture-console - OK
caseless - OK
cassandra-store - OK
cassanknex - OK
catbox - OK
ccap - OK
center-align - OK
centra - OK
cfenv - OK
chai-almost - OK
chai-arrays - OK
chai-datetime - OK
chai-dom - OK
chai-fs - OK
chai-fuzzy - OK
chai-json-schema - OK
chai-like - OK
chai-roughly - OK
chai-spies - OK
chai-string - OK
chai-things - OK
chai-xml - OK
charset-detector - OK
check-sum - OK
checkstyle-formatter - OK
checksum - OK
cheerio - OK
chloride - OK
chmodr - OK
chownr - OK
cipher-base - OK
circle-to-polygon - OK
cjson - NOK
clamav.js - OK
classify-poetry - OK
cli-box - OK
cli-color - OK
client-sessions - OK
cliff - OK
clone-deep - OK
cloneable-readable - OK
clusterize.js-paging - OK
cmd-shim - OK
co - OK
co-body - OK
code - OK
codecs - OK
coffeeify - OK
coinbase - OK
coinbase-commerce-node - OK
coingecko-api - OK
color - OK
color-diff - OK
color-hash - OK
color-name - OK
color-namer - NOK
color-rgba - OK
color-string - OK
color-support - OK
color-thief-node - OK
colornames - OK
columnify - OK
combinations - OK
combine-source-map - OK
combined-stream - OK
command-exists - OK
command-line-args - OK
command-line-commands - OK
command-line-usage - OK
command-shell-lib - OK
commander-remaining-args - OK
common-ancestor-path - OK
common-errors - OK
common-prefix - OK
commondir - OK
commonmark - OK
commonmark-react-renderer - OK
compare-func - OK
compare-function - OK
compass-vertical-rhythm - OK
complex.js - OK
component-emitter - OK
compressible - OK
compression - OK
compute-argmax - OK
compute-gcd - OK
compute-quantile - OK
compute-stdev - OK
concat-map - OK
concat-stream - OK
confidence - OK
config - OK
configs-overload - OK
confit - OK
connect - OK
connect-azuretables - OK
connect-ensure-login - OK
connect-flash - OK
connect-livereload - OK
connect-mongodb-session - OK
connect-slashes - OK
connect-timeout - OK
console-log-level - OK
console-ui - OK
consul - OK
consumable-stream - OK
contains-path - OK
content-disposition - OK
content-range - OK
content-type - OK
contentful-resolve-response - OK
continuation-local-storage - OK
conventional-changelog-config-spec - OK
convert-excel-to-json - OK
convert-units - OK
cookie-parser - OK
cookie_js - OK
cookiejar - OK
cookies - OK
copy - OK
copyfiles - OK
cordova-plugin-qrscanner - OK
core-object - NOK
cors - OK
counterpart - OK
countries-and-timezones - OK
country-data - OK
cradle - OK
crc - OK
create-error - OK
create-hash - OK
create-hmac - OK
creditcardutils - OK
cron - OK
croppie - OK
crossfilter - OK
crossroads - OK
crumb - OK
cryptiles - OK
crypto-js - OK
cryptr - OK
cson - OK
css - OK
css-declaration-sorter - OK
css-generator - OK
css-mediaquery - OK
cssbeautify - OK
cuint - OK
currency-formatter - OK
custom-error-generator - OK
cwd - OK
cwise - OK
cwise-compiler - OK
cwise-parser - OK
d - OK
d20 - OK
d3-array - OK
d3-axis - OK
d3-brush - OK
d3-chord - OK
d3-collection - OK
d3-contour - OK
d3-delaunay - OK
d3-dispatch - OK
d3-drag - OK
d3-dsv - OK
d3-ease - OK
d3-fetch - OK
d3-force - OK
d3-format - OK
d3-geo - OK
d3-hierarchy - OK
d3-hsv - OK
d3-interpolate - OK
d3-path - OK
d3-polygon - OK
d3-quadtree - OK
d3-queue - OK
d3-random - OK
d3-require - OK
d3-sankey - OK
d3-scale - OK
d3-scale-chromatic - OK
d3-selection - OK
d3-selection-multi - OK
d3-shape - OK
d3-timer - OK
d3-zoom - OK
damerau-levenshtein - OK
dashify - OK
data-driven - OK
date-arithmetic - OK
dateformat - OK
db-migrate-pg - OK
death - OK
debounce - OK
decomment - OK
deep-equal - OK
deep-extend - OK
deep-freeze - OK
deep-freeze-strict - OK
defaults - OK
defer-promise - OK
defined - OK
delete-empty - OK
denodeify - OK
depd - OK
dependency-solver - OK
deprecate - OK
deps-sort - OK
destroy - OK
destroy-on-hwm - OK
di - OK
di-lite - OK
diacritics - OK
dicer - OK
diff-match-patch - OK
diffie-hellman - OK
dingtalk-robot-sender - OK
dir-walker-gen - OK
director - OK
dirname-regex - OK
dirty-chai - OK
discontinuous-range - OK
distributions - OK
distributions-poisson-quantile - OK
dns-packet - OK
docdown - OK
docker-modem - OK
dockerode - OK
docopt - OK
documentdb-session - OK
docusign-esign - OK
dogapi - OK
dom4 - OK
domexception - OK
domhandler - OK
domutils - OK
donna - OK
dookie - OK
dot - OK
dotdir-regex - OK
dotenv-flow - OK
dotenv-safe - OK
dotfile-regex - OK
dottie - OK
double-ended-queue - OK
dtype - OK
dumb-passwords - OK
duplexer2 - OK
duplexer3 - OK
duplexify - OK
dynamodb - OK
each - OK
eases - OK
easy-rbac - OK
easy-soap-request - OK
easy-table - OK
ed2curve - OK
edmonds-blossom - OK
ee-first - OK
eetase - OK
ejs - OK
ejs-locals - OK
ejson - OK
elasticlunr - OK
elementary-circuits-directed-graph - OK
elementtree - OK
ellipsize - OK
elo-rank - OK
emissary - OK
encoding-japanese - OK
end-of-stream - OK
ent - OK
env-to-object - OK
envhandlebars - OK
envify - OK
epub - OK
eris-sharder - OK
es6-promisify - OK
es6-weak-map - OK
escape-latex - OK
esprima-walk - OK
esquery - OK
esrever - OK
estree-jsx - OK
eth-sig-util - OK
euclidean-distance - OK
event-emitter - OK
event-kit - OK
event-loop-lag - OK
event-stream - OK
event-to-promise - OK
events.once - OK
exchange-rates-api - OK
exenv - OK
exif - NOK
expand-tilde - OK
expectations - OK
express - OK
express-boom - OK
express-brute - OK
express-brute-mongo - OK
express-bunyan-logger - OK
express-domain-middleware - OK
express-ejs-layouts - OK
express-fileupload - OK
express-flash - OK
express-flash-2 - OK
express-form-data - OK
express-formidable - OK
express-jsonschema - OK
express-jwt - OK
express-less - OK
express-list-endpoints - OK
express-mung - OK
express-partials - OK
express-redis-cache - OK
express-request-id - OK
express-requests-logger - OK
express-routes-versioning - OK
express-unless - OK
express-wechat-access - OK
express-xml-bodyparser - OK
fancy-log - OK
fast-html-parser - OK
fast-list - OK
fast-memory-cache - OK
fastbitset - OK
fetch-headers - OK
ffprobe - OK
field - OK
file-exists - OK
file-saver - OK
file-size - OK
filesize-parser - OK
fill-pdf - OK
find-exec - OK
find-in-files - OK
find-package-json - OK
find-parent-dir - OK
find-root - OK
firebase-client - OK
flagged-respawn - OK
flake-idgen - OK
flatbuffers - OK
flipsnap - OK
float-regex - OK
floreal - OK
flot - OK
fluent-ffmpeg - OK
flush-write-stream - OK
fnv-lite - OK
fold-to-ascii - OK
forever-monitor - OK
forge-apis - OK
form-serializer - OK
format-duration - OK
format-link-header - OK
format-unicorn - OK
format-util - OK
formidable - OK
forms - OK
forwarded - OK
fossil-delta - OK
freeport - OK
fresh - OK
freshy - OK
from - OK
from2 - OK
fs-extra-promise - OK
fs-plus - OK
fs-readdir-recursive - OK
fs-readfile-promise - OK
ftp - OK
ftpd - OK
ftps - OK
functional-red-black-tree - OK
furigana-markdown-it - OK
fuzzaldrin - OK
gapi - OK
gaussian - OK
gbk.js - OK
generic-functions - OK
geopoint - OK
getenv - OK
ghauth - OK
ghost-storage-base - OK
git-branch - OK
git-config - OK
git-config-path - OK
git-repo-name - OK
git-rev-sync - OK
git-user-email - OK
git-user-name - OK
git-username - OK
gitconfiglocal - OK
gitignore-parser - OK
gl-fbo - OK
gl-vec2 - OK
gl-vec3 - OK
glob-base - OK
glob-parent - NOK
glob-to-regexp - OK
global-modules - OK
global-paths - OK
global-prefix - OK
global-tunnel-ng - OK
globalyzer - OK
globjoin - OK
globrex - OK
glur - OK
gm - OK
google-maps - OK
google-polyline - OK
graphite - OK
graphite-udp - OK
graphql-date - OK
gravatar - OK
gray-percentage - OK
graylog2 - OK
grecaptcha - OK
greek-utils - OK
gridfs-stream - OK
guid - OK
gulp-batch - OK
gulp-bump - OK
gulp-cache - OK
gulp-cached - OK
gulp-change - OK
gulp-csso - OK
gulp-debug - OK
gulp-help - OK
gulp-help-doc - OK
gulp-html-prettify - OK
gulp-html-replace - OK
gulp-if - OK
gulp-insert - OK
gulp-install - OK
gulp-intercept - OK
gulp-less - OK
gulp-mustache - OK
gulp-ng-annotate - OK
gulp-nodemon - OK
gulp-remember - OK
gulp-rev - OK
gulp-rev-replace - OK
gulp-sort - OK
gulp-strip-debug - OK
gulp-stylus - OK
gulp-svg-sprite - OK
gzip-js - OK
harmon - OK
harmony-proxy - OK
has - OK
hash-stream - OK
hash-sum - OK
hashmap - OK
hashring - OK
hashset - OK
hashtable - OK
haversine - OK
heap - OK
hellosign-sdk - OK
hepburn - OK
hex-color-regex - OK
hex-rgba - OK
hex2dec - OK
honeybadger - OK
hooker - OK
host-validation - OK
hostile - OK
html-escaper - OK
html-parser - OK
html-replace-webpack-plugin - OK
html-tableify - OK
html5-history - OK
htmlescape - OK
http-cache-semantics - OK
http-codes - OK
http-link-header - NOK
hubot - OK
human-to-cron - OK
humanize-ms - OK
humanparser - OK
humps - OK
hyperscript - OK
i18n-abide - OK
i18n-js - OK
iban - OK
ical - OK
iferr - OK
image-to-base64 - OK
imagemin-svgo - OK
imap - OK
imul - OK
inert - OK
inflation - OK
inflection - OK
ini - OK
intercept-stdout - OK
internal-slot - OK
intersect - OK
intersperse - OK
ip-subnet-calculator - OK
ip6addr - OK
irc - OK
iri - OK
iron - OK
is-absolute - OK
is-arguments - OK
is-base64 - OK
is-dotdir - OK
is-dotfile - OK
is-empty - NOK
is-even - OK
is-finite - OK
is-function - OK
is-generator - OK
is-generator-function - OK
is-git-url - OK
is-glob - OK
is-integer - OK
is-negated-glob - OK
is-number - OK
is-number-like - OK
is-object - OK
is-odd - OK
is-running - OK
is-typedarray - OK
is-unc-path - OK
is-url - OK
is-utf8 - OK
is-uuid - NOK
is-valid-domain - OK
is-valid-glob - OK
is-valid-path - OK
is-valid-zipcode - OK
is-windows - OK
isarray - OK
isbn-utils - OK
isomorphic-form-data - OK
isstream - OK
jackrabbit - OK
jalaali-js - OK
japan-postal-code - OK
javascript-state-machine - OK
jest-image-snapshot - OK
jest-preset-stylelint - OK
jfs - OK
jju - OK
jjv - OK
jquery-gray - OK
js-md5 - NOK
js-money - NOK
js-quantities - OK
js-string-escape - OK
jsan - OK
jsbarcode - OK
jsbn - OK
jsdeferred - OK
jsdoc-to-markdown - OK
jsdom-screenshot - OK
jsend - OK
jsnox - OK
json-bigint - OK
json-buffer - OK
json-diff - OK
json-dup-key-validator - OK
json-form-data - OK
json-rpc-ws - OK
json-schema - OK
json-socket - OK
json-stable-stringify - OK
json-stringify-safe - OK
json-templates - OK
json2md - OK
json2mq - OK
json3 - OK
jsonapi-serializer - OK
jsonfile - OK
jsonlines - OK
jsonnet - OK
jsonp - OK
jsonpack - OK
jsonquery - OK
jsontoxml - OK
jspath - OK
jsreport-core - OK
jsreport-jsrender - OK
jsrp - OK
jsum - OK
jsurl - OK
jwk-to-pem - OK
jws - OK
jwt-simple - OK
jxon - OK
karma-jasmine - OK
karma-jasmine-spec-tags - OK
karma-jsdom-launcher - OK
karma-json-preprocessor - OK
karma-junit-reporter - OK
karma-nyan-reporter - OK
karma-summary-reporter - OK
kcors - OK
kdbush - OK
keyboardjs - OK
keygrip - OK
kii-cloud-sdk - OK
kind-of - OK
kissfft-js - OK
klaw - OK
klaw-sync - OK
kms-json - OK
knex-cleaner - OK
knex-db-manager - OK
knockout-postbox - OK
knockout-transformations - OK
knockstrap - OK
ko.plus - OK
koa-basic-auth - OK
koa-bodyparser - OK
koa-bouncer - OK
koa-bunyan-logger - OK
koa-cache-control - OK
koa-compose - OK
koa-compress - OK
koa-conditional-get - OK
koa-convert - OK
koa-ejs - OK
koa-etag - OK
koa-hbs - OK
koa-html-minifier - OK
koa-joi-router - OK
koa-joi-router-docs - OK
koa-json - OK
koa-logger - OK
koa-morgan - OK
koa-mount - OK
koa-multer - OK
koa-passport - OK
koa-proxy - OK
koa-qs - OK
koa-range - OK
koa-ratelimit - OK
koa-ratelimit-lru - OK
koa-redis-cache - OK
koa-route - OK
koa-router - OK
koa-session - OK
koa-session-minimal - OK
koa-sslify - OK
koa-static - OK
koa-static-cache - OK
koa-webpack - OK
koa-xml-body - OK
koa2-ratelimit - OK
kompression - OK
kraken-js - OK
kss - OK
kue - OK
kyujitai - OK
labeled-stream-splicer - OK
lambda-tester - OK
lambda-wrapper - OK
lang.js - OK
langs - OK
language-tags - OK
last-element - OK
latlon-geohash - OK
launchpad - OK
lazy-brush - OK
lazy-property - OK
lazy.js - OK
lazypipe - OK
lcm - OK
ldap-filters - OK
ldapjs - OK
leaflet-editable - OK
leaflet-fullscreen - OK
leaflet-groupedlayercontrol - OK
leaflet-polylinedecorator - OK
leaflet-providers - OK
leaflet.fullscreen - OK
leaflet.heat - OK
leaflet.utm - OK
leakage - OK
legal-eagle - OK
less-middleware - OK
less2sass - OK
level-codec - OK
level-sublevel - OK
level-ttl - OK
lexicographic-integer - OK
lil-uri - OK
lil-uuid - OK
line-column - OK
line-navigator - OK
line-reader - OK
linear-gradient - OK
linesert - OK
list-git-remotes - OK
list-stream - OK
live-server - OK
livereload - OK
locale - OK
localized-countries - OK
localtunnel - OK
locks - OK
logfmt - OK
logg - OK
logrotate-stream - OK
long - OK
loopback-boot - OK
looper - OK
lossless-json - OK
lowdb - OK
lru-cache - OK
luhn-generator - OK
lunr - OK
lusca - OK
lyricist - OK
macrotask - OK
magic-number - OK
mailcheck - OK
mailgun-js - OK
main-bower-files - OK
make-fetch-happen - OK
mapbox-gl-leaflet - OK
markdown-it - OK
markdown-it-container - OK
markdown-it-emoji - OK
markdown-it-highlightjs - OK
markdown-it-lazy-headers - OK
markdown-it-link-attributes - OK
markdown-it-plantuml - OK
markdown-magic - NOK
markdown-pdf - OK
marked-terminal - OK
marker-animate-unobtrusive - OK
masonry-layout - OK
matchdep - OK
matchmediaquery - OK
math-expression-evaluator - OK
math-random - OK
math-sign - OK
math-trunc - OK
math3d - OK
md5 - OK
mdurl - OK
mdv - OK
media-typer - OK
mem-cache - OK
mem-fs - OK
memcached - NOK
memmonit - OK
memoizee - OK
memory-cache - OK
memory-fs - OK
memory-pager - OK
memorystream - OK
mercadopago - OK
merge-deep - OK
merge-env - OK
merge-stream - OK
merge2 - OK
mergerino - OK
merkle - OK
mersenne-twister - NOK
metalsmith - OK
metascraper-address - OK
method-override - OK
methods - OK
metric-suffix - OK
micro-events - OK
micromatch - OK
milliseconds - OK
mime - OK
mime-types - OK
mimos - OK
min-document - NOK
minimal-bit-array - NOK
minimal-request-promise - OK
minimist - OK
mithril - OK
mitm - OK
mixpanel - OK
mixto - OK
mkcert - OK
mkdirp - OK
mkpath - OK
ml-levenberg-marquardt - OK
mmmagic - OK
mocha-phantomjs - OK
mocha-prepare - OK
mochawesome - OK
mock-express-request - OK
mock-fs - OK
mock-require - OK
mockery - OK
modesl - OK
modular-scale - OK
modularscale - OK
module-alias - OK
moment-business-time - OK
moment-precise-range-plugin - OK
money-math - OK
mongo-sanitize - OK
mongodb-queue - OK
mongodb-uri - OK
mongoose-aggregate-paginate-v2 - OK
mongoose-deep-populate - OK
mongoose-delete - OK
mongoose-geojson-schema - OK
mongoose-id-validator - OK
mongoose-lean-virtuals - OK
mongoose-paginate - OK
mongoose-seeder - OK
mongoose-sequence - OK
mongoose-simple-random - OK
mongoose-unique-validator - OK
mongration - OK
moo - OK
morgan - OK
morgan-json - OK
motion-sensors-polyfill - OK
mouse-event-offset - OK
mousetrap - OK
moviedb - OK
mpromise - OK
mri - OK
ms.macro - OK
mssql - OK
mudder - OK
multer - OK
multi-number-parse - OK
multi-typeof - OK
multicast-dns - OK
multiparty - OK
multipipe - OK
multiplexjs - OK
multisort - OK
multivariate-normal - OK
multy - OK
muri - OK
murmurhash3js - OK
murmurhash3js-revisited - OK
mustache-express - OK
mute-stream - OK
mutexify - OK
mv - OK
mysql - OK
mysql-import - OK
mysql-query-util - OK
mz - OK
n-readlines - OK
named-regexp-groups - OK
named-routes - OK
nano-cache - OK
nano-equal - NOK
nanoajax - OK
nanoassert - OK
nanographql - OK
nanoscroller - OK
nanp - OK
nat-upnp - OK
native-hello-world - OK
natural-compare-lite - OK
nconf - OK
ncp - OK
ndarray - OK
ndarray-ops - OK
ndjson - OK
nedb - OK
needle - OK
negotiator - OK
neo4j - OK
nestdb - OK
nested-error-stacks - OK
net-ticks - OK
netgear - OK
netmask - OK
neverbounce - OK
newline-remove - OK
nexpect - OK
next-biz-date - OK
next-tick - OK
ng-facebook - OK
nib - OK
nice-try - OK
nightwatch - OK
nise - OK
noble - OK
node-calendar - OK
node-cleanup - OK
node-config-manager - OK
node-crate - OK
node-cron - OK
node-dir - OK
node-dogstatsd - OK
node-emoji - OK
node-gcm - OK
node-gettext - OK
node-horseman - OK
node-hue-api - OK
node-insights - OK
node-int64 - OK
node-ipc - OK
node-isbn - OK
node-localstorage - OK
node-loggly-bulk - OK
node-mailjet - OK
node-memwatch - OK
node-netstat - OK
node-notifier - OK
node-openload - OK
node-os-utils - OK
node-pdftk - OK
node-persist - OK
node-phpass - OK
node-ral - OK
node-red-node-test-helper - OK
node-redis-pubsub - OK
node-redmine - OK
node-resque - OK
node-rsa - OK
node-sass-middleware - OK
node-sass-tilde-importer - OK
node-siege - OK
node-sprite-generator - OK
node-ssdp - OK
node-static - NOK
node-statsd - OK
node-timecodes - OK
node-tlv - NOK
node-vagrant - OK
node-wget-promise - OK
node-wit - OK
node-zookeeper-client - OK
nodecredstash - OK
nodejs-license-file - OK
nodemailer - OK
nodemailer-express-handlebars - OK
nodemailer-html-to-text - OK
nodemailer-mailgun-transport - OK
nodemailer-ses-transport - OK
nodemailer-smtp-pool - OK
nodemailer-smtp-transport - OK
nodemon - OK
nodeunit - OK
nonogram-solver - OK
nopt - OK
normalize-package-data - OK
normalize-path - OK
normalplaytime - OK
npm-cache-filename - OK
npm-license-crawler - OK
npm-package-arg - OK
npm-packlist - OK
npm-paths - OK
npm-profile - OK
npm-registry-fetch - OK
npm-run - OK
nprogress - OK
ns-api - OK
nslog - OK
nsqjs - OK
nssm - OK
num2fraction - OK
number-is-nan - OK
number-to-words - OK
nunjucks-date - OK
nut-pipe - OK
nyaapi - OK
oakdex-pokedex - OK
oauth-shim - OK
oauth2-server - OK
oauth2orize - OK
object-diff - OK
object-joiner - OK
object-keys - OK
object-map - OK
object-mapper - OK
object-merge - OK
object-path - OK
object-refs - OK
object.omit - OK
object.pick - OK
objects-to-csv - OK
objtools - OK
oblo-util - OK
oibackoff - OK
oja - OK
omit-empty - OK
on-finished - OK
on-headers - OK
once - OK
one-time - OK
oniguruma - OK
ontime - OK
ooura - OK
openapi-factory - OK
openstack-wrapper - OK
optimist - OK
orchestrator - OK
orientjs - OK
original - OK
os-homedir - OK
os-tmpdir - OK
osmtogeojson - OK
osrs-json-api - OK
ot - OK
owasp-password-strength-test - OK
p-fifo - OK
pacote - OK
pad-left - OK
parents - OK
parity-pmd - OK
parity-pmr - OK
parity-poe - OK
parquetjs - OK
parse-author - OK
parse-cache-control - OK
parse-color - OK
parse-conflict-json - OK
parse-filepath - OK
parse-full-name - OK
parse-git-config - OK
parse-gitignore - OK
parse-glob - OK
parse-human-date-range - OK
parse-key - OK
parse-link-header - OK
parse-markdown-links - OK
parse-mockdb - OK
parse-numeric-range - OK
parse-passwd - OK
parse-path - OK
parse-prefer-header - OK
parse-unit - OK
parsecurrency - OK
parseurl - OK
parsimmon - OK
pascalcase - OK
passport - OK
passport-anonymous - OK
passport-auth-token - OK
passport-auth0 - OK
passport-azure-ad - OK
passport-bnet - OK
passport-facebook - OK
passport-github - OK
passport-github2 - OK
passport-google-oauth - OK
passport-google-oauth2 - OK
passport-google-oauth20 - OK
passport-http - OK
passport-http-bearer - OK
passport-instagram - OK
passport-instagram-graph - OK
passport-instagram-token - OK
passport-jwt - OK
passport-kakao - OK
passport-linkedin-oauth2 - OK
passport-local - OK
passport-local-mongoose - OK
passport-oauth2-client-password - OK
passport-oauth2-refresh - OK
passport-remember-me-extended - OK
passport-saml - OK
passport-saml-metadata - OK
passport-spotify - OK
passport-steam - OK
passport-twitter - OK
passport-vkontakte - OK
passport-windowsauth - NOK
passport.socketio - OK
password-hash-and-salt - OK
path-is-absolute - OK
path-is-inside - OK
path-parse - OK
path-regex - OK
pause - OK
paystack - OK
pdf-image - OK
pem-jwk - OK
pg-copy-streams - OK
pg-ears - OK
pg-escape - OK
pg-format - OK
phone-formatter - OK
photoswipe - OK
pi-spi - OK
pick-deep - OK
pick-weight - OK
picturefill - OK
pidusage - OK
pikaday - OK
pinkyswear - OK
pinyin - OK
pipes-and-filters - OK
piwik-tracker - OK
pixelmatch - OK
pizzip - OK
pkcs7-padding - OK
platform - OK
play-sound - OK
pleasejs - OK
plist - OK
pluralize - OK
png-img - OK
podium - OK
point-in-polygon - OK
polygon - OK
polygon-lookup - OK
polygon-selfintersect - OK
polygons-intersect - OK
polyline - OK
port-numbers - OK
postcss-custom-properties - OK
postcss-gap-properties - OK
postcss-header - OK
postcss-less - OK
postcss-url - OK
pre-suf - OK
prettier-linter-helpers - OK
pretty - OK
pretty-hrtime - OK
pretty-time - OK
prettyjson - OK
priorityqueuejs - OK
prismjs - OK
procfs-stats - OK
progress-stream - OK
project-name - OK
project-name-generator - OK
project-oxford - OK
projections - OK
promise-abortable - OK
promise-dag - OK
promise-hash - OK
promise-memoize - OK
promise-nodeify - OK
promise-poller - OK
promise-queue - OK
promise-retry - OK
promise-sequential - OK
promise-timeout - OK
promised-ldap - OK
promised-temp - OK
promisify-node - OK
promisify-supertest - OK
prompt - OK
prompt-sync - OK
promptly - OK
prompts - OK
properties-reader - OK
prosemirror-changeset - OK
prosemirror-collab - OK
prosemirror-commands - OK
prosemirror-history - OK
prosemirror-inputrules - OK
prosemirror-keymap - OK
prosemirror-markdown - OK
prosemirror-schema-basic - OK
prosemirror-schema-list - OK
prosemirror-state - OK
prosemirror-test-builder - OK
prosemirror-transform - OK
prosemirror-view - OK
protoc-plugin - OK
protocol-buffers-schema - OK
protocols - OK
protractor-browser-logs - OK
provinces - OK
proxyquire - OK
ps-node - OK
ps-tree - OK
pseudo-audio-param - OK
pseudo-localization - OK
pull-stream - OK
pump - OK
pumpify - OK
punycode - OK
purdy - OK
pure-render-decorator - OK
pwd-strength - OK
q-io - OK
qr-image - OK
qrcode - OK
qrcode-svg - OK
qrcode-terminal - OK
querystringify - OK
quick-format-unescaped - OK
quick-hash - OK
quoted-printable - OK
quotesy - OK
rabbit.js - OK
radix64 - OK
raf - OK
random-boolean - OK
random-bytes - OK
random-name - OK
random-normal - OK
random-number - OK
random-words - OK
randomatic - OK
randombytes - OK
randomstring - OK
range-parser - OK
raphael - OK
ratelimiter - OK
rbac-a - OK
rbush - OK
rc - OK
rcloader - OK
rdf-dataset-indexed - OK
rdf-loader-code - OK
rdf-transform-triple-to-quad - OK
rdf-validate-datatype - OK
rdf-validate-shacl - OK
react-adaptive-hooks - OK
react-body-classname - OK
react-cytoscapejs - OK
react-document-title - OK
react-global-configuration - OK
react-gtm-module - OK
react-hammerjs - OK
react-hyperscript - OK
react-loader - OK
react-native-joi - OK
react-native-rss-parser - OK
react-native-sensor-manager - OK
react-select-country-list - OK
reactjs-localstorage - OK
read-json-sync - OK
read-package-tree - OK
readline-transform - OK
recaptcha2 - OK
recase - OK
recharts-scale - OK
rechoir - OK
reconnect-core - OK
recursive-readdir - OK
redact-axios-error - OK
redis-errors - OK
redis-mock - OK
redis-rate-limiter - OK
redis-scripto - OK
redlock - OK
redux-action-utils - OK
ref - OK
ref-array - OK
ref-struct - OK
ref-union - OK
regenerate - OK
regexgen - OK
registry-auth-token - OK
relateurl - NOK
remote-origin-url - OK
remove-markdown - OK
rename - OK
repeat-element - OK
repeat-string - OK
replacestream - OK
request - OK
request-debug - OK
request-stats - OK
requestidlecallback - OK
require-all - OK
require-dir - OK
require-directory - OK
require-from-string - OK
requireindex - OK
requires-port - OK
reserved-words - OK
reservoir - OK
resolve-bin - OK
resolve-path - OK
resolve-protobuf-schema - OK
resourcejs - OK
response-time - OK
rest - OK
restify-cookies - OK
restling - OK
retry - NOK
retry-as-promised - OK
revalidator - OK
rewire - OK
rfc2047 - OK
right-align - OK
rijndael-js - OK
ringbufferjs - OK
ripemd160 - OK
rmfr - OK
robust-point-in-polygon - OK
roll - OK
rollup-plugin-auto-external - OK
rollup-plugin-json - OK
root-check - OK
rosie - OK
round - OK
rpi-gpio - OK
rsmq-worker - OK
rsync - OK
rtl-detect - OK
rtlcss - OK
rtp-parser - OK
rtree - OK
run-parallel - OK
run-sequence - OK
russian-nouns-js - OK
rx-node - OK
s3-download-stream - OK
s3-streams - OK
s3-upload-stream - OK
sade - OK
safe-compare - OK
safe-json-stringify - OK
safe-regex - OK
safer-buffer - OK
saml - OK
saml2-js - OK
saml20 - OK
samlp - OK
sanctuary - OK
sandboxed-module - OK
sane - OK
sane-email-validation - OK
sanitize-html - OK
sasl-anonymous - OK
sasl-digest-md5 - OK
sasl-external - OK
sasl-plain - OK
sasl-scram-sha-1 - OK
saslmechanisms - OK
saslprep - OK
sass-graph - OK
sat - OK
save-csv - OK
save-pixels - OK
sax-stream - OK
saywhen - OK
sbd - OK
sc-broker - OK
schluessel - OK
scoped-http-client - OK
screeps-profiler - OK
scroll - OK
scroller - OK
scrypt - OK
sdp-transform - OK
season - OK
secure-password - OK
secure-random-string - OK
seed-random - OK
seededshuffle - OK
selenium-standalone - OK
semaphore - OK
semver-compare - OK
semver-stable - OK
sendcloud - OK
sequencify - OK
sequester - OK
serve-index - OK
server-destroy - OK
session-file-store - OK
set-cookie-parser - OK
set-link - OK
set-value - OK
sha256 - NOK
shapefile - OK
sharpie - OK
shasum - OK
shell-escape - OK
shell-quote - OK
shimmer - OK
shot - OK
should-sinon - OK
shuffle-array - OK
shuffle-seed - OK
sigmund - OK
simplecrawler - OK
simplesmtp - OK
single-line-log - OK
sinon-chai - OK
sinon-stub-promise - OK
sjcl - OK
slack-node - OK
slackify-html - OK
sleep - OK
smpte-timecode - OK
smshelper - OK
smtpapi - OK
snowflake-sdk - OK
sns-validator - OK
sntp - OK
socketcluster-server - OK
socketio-jwt-auth - OK
something-random-on-discord - OK
sort-array - OK
sort-json - OK
sort-object-keys - OK
sorted-array-functions - OK
sorted-object - OK
soupbintcp - OK
source-list-map - OK
source-map-support - OK
spark-md5 - OK
sparqljs - OK
spdx-correct - NOK
spdx-expression-parse - OK
spdx-satisfies - OK
spdy - OK
spectrogram - OK
spellchecker - OK
split - OK
splunk-bunyan-logger - OK
splunk-logging - OK
spotify-node-applescript - OK
sprintf-js - OK
sql-bricks - OK
sql-template - OK
square-connect - OK
ssb-keys - OK
ssdeep - OK
ssh-key-decrypt - OK
ssh2 - OK
ssh2-streams - OK
stale-lru-cache - OK
standard-engine - OK
standard-error - OK
standard-http-error - OK
stat-mode - NOK
static-eval - OK
stats-lite - OK
statsd-client - OK
statuses - OK
std-mocks - OK
stdout-stream - OK
steamid - OK
stompit - OK
stompjs - OK
stoppable - OK
strange - OK
stream-array - OK
stream-buffers - OK
stream-chain - OK
stream-csv-as-json - OK
stream-demux - OK
stream-each - OK
stream-json - OK
stream-meter - OK
stream-series - OK
stream-shift - OK
stream-to-array - OK
stream-to-promise - OK
streamsaver - OK
streamtest - OK
streamx - OK
stremio-addon-sdk - OK
strict-uri-encode - OK
string-format - OK
string-natural-compare - OK
string-placeholder - OK
string-replace-loader - OK
string-replace-webpack-plugin - OK
string-similarity - OK
string-template - OK
string.prototype.matchall - OK
stringify-author - OK
strip-color - OK
strip-final-newline - OK
strong-log-transformer - OK
structured-source - OK
stubby - OK
style-search - OK
stylelint - OK
stylis - OK
stylus - OK
subtitle - OK
suncalc - OK
sunrise-sunset-js - OK
superagent-bunyan - NOK
superagent-proxy - OK
superagent-retry-delay - OK
supercluster - OK
superfine - OK
supertest - OK
supports-color - OK
svg-outline-stroke - OK
svg-path-bbox - OK
svg-path-bounding-box - OK
svg-sprite - OK
svg-spritemap-webpack-plugin - OK
svg-tags - OK
svg2png - OK
svg2ttf - OK
svg4everybody - OK
svgicons2svgfont - OK
svgo - OK
swagger-express-middleware - OK
swagger-express-mw - OK
swagger-express-validator - OK
swagger-hapi - OK
swagger-node-runner - OK
swagger-restify-mw - OK
swagger-sails-hook - OK
swagger-ui-express - OK
swaggerize-express - OK
swe-validation - OK
swig-email-templates - OK
swiz - NOK
symbol-tree - OK
symlink-or-copy - OK
symphony-api-client-node - OK
synaptic - OK
syslog-client - OK
tabbable - OK
tableau - OK
tableify - NOK
tabulator - OK
tapable - OK
tape-async - OK
tape-promise - OK
tar-fs - OK
tar-stream - OK
tarantool-driver - OK
task-graph-runner - OK
tcp-ping - OK
teddy - OK
tedious-connection-pool - OK
temp - OK
temp-fs - OK
terminal-menu - OK
teslajs - OK
test-console - OK
text-table - OK
textextensions - OK
textr - OK
textract - OK
theo - OK
thrift - OK
throng - OK
throttle - OK
throttleit - OK
through - OK
through2-concurrent - OK
through2-map - OK
tictactoejs - OK
tiff-to-png - OK
timer-machine - OK
timestring - OK
timezone-js - OK
timing-safe-equal - OK
timsort - OK
tiny-async-pool - OK
tiny-json-http - OK
title - OK
tldjs - OK
tmi.js - OK
tmp - OK
to-absolute-glob - OK
to-json-schema - OK
to-px - OK
tokgen - OK
toobusy-js - OK
topo - OK
topojson - OK
topojson-client - OK
topojson-simplify - OK
toposort - OK
torrent-stream - OK
touch - OK
tough-cookie - OK
tough-cookie-file-store - OK
transform-coordinates - OK
traverse - OK
traverson - OK
travis-fold - OK
treeify - OK
trim - OK
triple-beam - OK
trouter - OK
tsc-watch - OK
tsscmp - OK
tsv - OK
ttf2woff - OK
ttf2woff2 - OK
turndown - OK
tweezer.js - OK
twig - OK
twilio-common - OK
twit - OK
twitter-stream-channels - OK
twix - OK
type-check - OK
type-is - OK
type-name - OK
typedarray-pool - OK
typeof - OK
typopo - OK
tz-format - OK
tz-offset - OK
udp-discovery - OK
uid-generator - OK
uid-safe - OK
ultron - OK
umzug - OK
unc-path-regex - OK
underscore - OK
underscore.string - OK
unicode-trie - OK
uniq - OK
unique-hash-stream - OK
universal-analytics - NOK
unixify - OK
unl-core - OK
unordered-array-remove - OK
unzip - OK
unzipper - OK
urban-dictionary - OK
uri-templates - OK
urix - OK
url-assembler - OK
url-join - OK
url-match-patterns - OK
url-params - OK
url-params-parser - OK
url-safe-base64 - OK
url-search-params - NOK
url-template - NOK
urlencode - OK
urlparser - OK
urlrouter - OK
urlsafe-base64 - OK
usage - OK
user-home - OK
useragent - OK
utf-8-validate - OK
utf8 - OK
util.promisify - OK
utils-merge - OK
utm - OK
uuid-1345 - OK
uuid-parse - OK
uuid-readable - OK
uuid-validate - OK
uuid-with-v6 - OK
valid-data-url - OK
valid-url - OK
validate-npm-package-license - OK
varint - OK
vary - OK
vault-auth-aws - OK
vcards-js - OK
vec2 - OK
venn - OK
verror - OK
vhost - OK
victor - OK
vigour-ua - OK
vimeo - OK
vinyl-buffer - OK
vinyl-fs - OK
vinyl-source-stream - OK
vitalsigns - OK
vmap - OK
voronoi-diagram - OK
voucher-code-generator - OK
vscode-windows-registry - OK
vue-markdown - OK
wait-on - OK
warning - OK
waterline - OK
wav - OK
wav-encoder - OK
wawoff2 - OK
waypoints - OK
wcwidth - OK
weak - OK
weak-napi - OK
webfontloader - OK
webpack-assets-manifest - OK
webpack-cdn-inject - OK
webpack-env - OK
webpack-hot-middleware - OK
webpack-livereload-plugin - OK
webpack-node-externals - OK
webpack-notifier - OK
webpagetest - OK
websequencediagrams - OK
webshot-node - OK
website-scraper - OK
websql - OK
week - OK
weighted - OK
whatwg-encoding - OK
whatwg-mimetype - OK
whatwg-url - OK
which - OK
whitelist-object - OK
whois-json - OK
whois-parsed - OK
whoops - OK
wif - OK
wildstring - OK
window-size - OK
wink-pos-tagger - OK
wink-tokenizer - OK
winreg - OK
winston-loggly-bulk - OK
winston-mail - OK
winston-syslog - OK
wkhtmltopdf - OK
wol - OK
word-extractor - OK
wordcloud - OK
wordfilter - OK
worker-threads-pool - OK
workerpool - OK
wpapi - OK
wreck - OK
wrench - OK
writable-consumable-stream - OK
write - OK
write-file-atomic - OK
write-file-atomically - OK
write-good - OK
ws - OK
wtfnode - OK
wu - OK
wuzzy - OK
x-axios-progress-bar - OK
x-ray - OK
x-ray-crawler - OK
x509.js - OK
xar - OK
xml - OK
xml-crypto - OK
xml-encryption - OK
xml-escape - OK
xml-flow - OK
xml2js - OK
xml2json - OK
xmldoc - OK
xmljs - OK
xmlpoke - OK
xmlrpc - OK
xmlserializer - OK
xmltojson - OK
xsalsa20 - OK
xsd-schema-validator - OK
xtend - OK
yallist - OK
yar - OK
yargs-unparser - OK
yauzl - OK
yauzl-promise - OK
yayson - OK
yazl - OK
yeast - OK
yesql - OK
yog-bigpipe - OK
yog2-kernel - OK
yt-player - OK
zdog - OK
zen-observable - OK
zipcodes - OK
